<?xml version="1.0" encoding="UTF-8"?>
<coverage generated="1489620164020" clover="3.2.0">
  <project timestamp="1489620164020" name="All files">
    <metrics statements="486" coveredstatements="202" conditionals="357" coveredconditionals="90" methods="155" coveredmethods="54" elements="998" coveredelements="346" complexity="0" loc="486" ncloc="486" packages="17" files="46" classes="46">
      <package name="ReactNativeScratch">
        <metrics statements="9" coveredstatements="5" conditionals="0" coveredconditionals="0" methods="6" coveredmethods="1"/>
        <file name="jest.setup.js" path="/Users/josereyes/Dev/ReactNativeScratch/jest.setup.js">
          <metrics statements="9" coveredstatements="5" conditionals="0" coveredconditionals="0" methods="6" coveredmethods="1"/>
          <line num="3" count="30" type="stmt"/>
          <line num="4" count="11" type="stmt"/>
          <line num="14" count="30" type="stmt"/>
          <line num="17" count="30" type="stmt"/>
          <line num="18" count="0" type="stmt"/>
          <line num="19" count="0" type="stmt"/>
          <line num="24" count="30" type="stmt"/>
          <line num="25" count="0" type="stmt"/>
          <line num="26" count="0" type="stmt"/>
        </file>
      </package>
      <package name="ReactNativeScratch.src.components.general">
        <metrics statements="15" coveredstatements="15" conditionals="8" coveredconditionals="6" methods="3" coveredmethods="3"/>
        <file name="Error.js" path="/Users/josereyes/Dev/ReactNativeScratch/src/components/general/Error.js">
          <metrics statements="5" coveredstatements="5" conditionals="2" coveredconditionals="2" methods="1" coveredmethods="1"/>
          <line num="20" count="5" type="stmt"/>
          <line num="21" count="2" type="stmt"/>
          <line num="41" count="5" type="stmt"/>
          <line num="42" count="5" type="stmt"/>
          <line num="43" count="5" type="stmt"/>
        </file>
        <file name="Loading.js" path="/Users/josereyes/Dev/ReactNativeScratch/src/components/general/Loading.js">
          <metrics statements="5" coveredstatements="5" conditionals="6" coveredconditionals="4" methods="1" coveredmethods="1"/>
          <line num="19" count="4" type="stmt"/>
          <line num="20" count="3" type="stmt"/>
          <line num="39" count="4" type="stmt"/>
          <line num="40" count="4" type="stmt"/>
          <line num="41" count="4" type="stmt"/>
        </file>
        <file name="Placeholder.js" path="/Users/josereyes/Dev/ReactNativeScratch/src/components/general/Placeholder.js">
          <metrics statements="5" coveredstatements="5" conditionals="0" coveredconditionals="0" methods="1" coveredmethods="1"/>
          <line num="19" count="1" type="stmt"/>
          <line num="20" count="2" type="stmt"/>
          <line num="25" count="1" type="stmt"/>
          <line num="26" count="1" type="stmt"/>
          <line num="27" count="1" type="stmt"/>
        </file>
      </package>
      <package name="ReactNativeScratch.src.components.ui">
        <metrics statements="81" coveredstatements="81" conditionals="68" coveredconditionals="57" methods="17" coveredmethods="17"/>
        <file name="Alerts.js" path="/Users/josereyes/Dev/ReactNativeScratch/src/components/ui/Alerts.js">
          <metrics statements="6" coveredstatements="6" conditionals="6" coveredconditionals="6" methods="1" coveredmethods="1"/>
          <line num="23" count="16" type="stmt"/>
          <line num="65" count="16" type="stmt"/>
          <line num="66" count="5" type="stmt"/>
          <line num="105" count="16" type="stmt"/>
          <line num="111" count="16" type="stmt"/>
          <line num="117" count="16" type="stmt"/>
        </file>
        <file name="Button.js" path="/Users/josereyes/Dev/ReactNativeScratch/src/components/ui/Button.js">
          <metrics statements="21" coveredstatements="21" conditionals="26" coveredconditionals="25" methods="2" coveredmethods="2"/>
          <line num="38" count="16" type="stmt"/>
          <line num="65" count="16" type="stmt"/>
          <line num="66" count="5" type="stmt"/>
          <line num="67" count="5" type="stmt"/>
          <line num="69" count="5" type="stmt"/>
          <line num="70" count="1" type="stmt"/>
          <line num="76" count="16" type="stmt"/>
          <line num="77" count="1" type="stmt"/>
          <line num="78" count="1" type="stmt"/>
          <line num="80" count="1" type="stmt"/>
          <line num="81" count="1" type="stmt"/>
          <line num="89" count="16" type="stmt"/>
          <line num="90" count="3" type="stmt"/>
          <line num="91" count="3" type="stmt"/>
          <line num="92" count="3" type="stmt"/>
          <line num="93" count="3" type="stmt"/>
          <line num="94" count="3" type="stmt"/>
          <line num="96" count="3" type="stmt"/>
          <line num="97" count="1" type="stmt"/>
          <line num="104" count="16" type="stmt"/>
          <line num="107" count="16" type="stmt"/>
        </file>
        <file name="Card.js" path="/Users/josereyes/Dev/ReactNativeScratch/src/components/ui/Card.js">
          <metrics statements="7" coveredstatements="7" conditionals="4" coveredconditionals="2" methods="2" coveredmethods="2"/>
          <line num="35" count="7" type="stmt"/>
          <line num="51" count="7" type="stmt"/>
          <line num="52" count="7" type="stmt"/>
          <line num="55" count="7" type="stmt"/>
          <line num="56" count="7" type="stmt"/>
          <line num="59" count="7" type="stmt"/>
          <line num="62" count="7" type="stmt"/>
        </file>
        <file name="FormInput.js" path="/Users/josereyes/Dev/ReactNativeScratch/src/components/ui/FormInput.js">
          <metrics statements="7" coveredstatements="7" conditionals="4" coveredconditionals="2" methods="2" coveredmethods="2"/>
          <line num="36" count="1" type="stmt"/>
          <line num="54" count="1" type="stmt"/>
          <line num="55" count="1" type="stmt"/>
          <line num="58" count="1" type="stmt"/>
          <line num="59" count="1" type="stmt"/>
          <line num="62" count="1" type="stmt"/>
          <line num="65" count="1" type="stmt"/>
        </file>
        <file name="FormLabel.js" path="/Users/josereyes/Dev/ReactNativeScratch/src/components/ui/FormLabel.js">
          <metrics statements="5" coveredstatements="5" conditionals="2" coveredconditionals="1" methods="2" coveredmethods="2"/>
          <line num="33" count="1" type="stmt"/>
          <line num="41" count="1" type="stmt"/>
          <line num="42" count="1" type="stmt"/>
          <line num="45" count="1" type="stmt"/>
          <line num="48" count="1" type="stmt"/>
        </file>
        <file name="List.js" path="/Users/josereyes/Dev/ReactNativeScratch/src/components/ui/List.js">
          <metrics statements="5" coveredstatements="5" conditionals="2" coveredconditionals="1" methods="2" coveredmethods="2"/>
          <line num="30" count="1" type="stmt"/>
          <line num="40" count="1" type="stmt"/>
          <line num="41" count="1" type="stmt"/>
          <line num="44" count="1" type="stmt"/>
          <line num="47" count="1" type="stmt"/>
        </file>
        <file name="ListItem.js" path="/Users/josereyes/Dev/ReactNativeScratch/src/components/ui/ListItem.js">
          <metrics statements="9" coveredstatements="9" conditionals="6" coveredconditionals="3" methods="2" coveredmethods="2"/>
          <line num="40" count="3" type="stmt"/>
          <line num="54" count="3" type="stmt"/>
          <line num="55" count="3" type="stmt"/>
          <line num="58" count="3" type="stmt"/>
          <line num="59" count="3" type="stmt"/>
          <line num="62" count="3" type="stmt"/>
          <line num="63" count="3" type="stmt"/>
          <line num="66" count="3" type="stmt"/>
          <line num="69" count="3" type="stmt"/>
        </file>
        <file name="Spacer.js" path="/Users/josereyes/Dev/ReactNativeScratch/src/components/ui/Spacer.js">
          <metrics statements="5" coveredstatements="5" conditionals="0" coveredconditionals="0" methods="1" coveredmethods="1"/>
          <line num="13" count="16" type="stmt"/>
          <line num="14" count="17" type="stmt"/>
          <line num="24" count="16" type="stmt"/>
          <line num="25" count="16" type="stmt"/>
          <line num="26" count="16" type="stmt"/>
        </file>
        <file name="TabIcon.js" path="/Users/josereyes/Dev/ReactNativeScratch/src/components/ui/TabIcon.js">
          <metrics statements="4" coveredstatements="4" conditionals="2" coveredconditionals="1" methods="1" coveredmethods="1"/>
          <line num="15" count="17" type="stmt"/>
          <line num="16" count="1" type="stmt"/>
          <line num="23" count="17" type="stmt"/>
          <line num="24" count="17" type="stmt"/>
        </file>
        <file name="Text.js" path="/Users/josereyes/Dev/ReactNativeScratch/src/components/ui/Text.js">
          <metrics statements="12" coveredstatements="12" conditionals="16" coveredconditionals="16" methods="2" coveredmethods="2"/>
          <line num="46" count="28" type="stmt"/>
          <line num="51" count="28" type="stmt"/>
          <line num="52" count="28" type="stmt"/>
          <line num="53" count="28" type="stmt"/>
          <line num="54" count="28" type="stmt"/>
          <line num="55" count="28" type="stmt"/>
          <line num="56" count="28" type="stmt"/>
          <line num="57" count="28" type="stmt"/>
          <line num="59" count="28" type="stmt"/>
          <line num="60" count="8" type="stmt"/>
          <line num="63" count="28" type="stmt"/>
          <line num="66" count="28" type="stmt"/>
        </file>
        <file name="index.js" path="/Users/josereyes/Dev/ReactNativeScratch/src/components/ui/index.js">
          <metrics statements="0" coveredstatements="0" conditionals="0" coveredconditionals="0" methods="0" coveredmethods="0"/>
        </file>
      </package>
      <package name="ReactNativeScratch.src.constants">
        <metrics statements="0" coveredstatements="0" conditionals="2" coveredconditionals="1" methods="0" coveredmethods="0"/>
        <file name="api.js" path="/Users/josereyes/Dev/ReactNativeScratch/src/constants/api.js">
          <metrics statements="0" coveredstatements="0" conditionals="0" coveredconditionals="0" methods="0" coveredmethods="0"/>
        </file>
        <file name="config.js" path="/Users/josereyes/Dev/ReactNativeScratch/src/constants/config.js">
          <metrics statements="0" coveredstatements="0" conditionals="2" coveredconditionals="1" methods="0" coveredmethods="0"/>
        </file>
        <file name="errors.js" path="/Users/josereyes/Dev/ReactNativeScratch/src/constants/errors.js">
          <metrics statements="0" coveredstatements="0" conditionals="0" coveredconditionals="0" methods="0" coveredmethods="0"/>
        </file>
        <file name="index.js" path="/Users/josereyes/Dev/ReactNativeScratch/src/constants/index.js">
          <metrics statements="0" coveredstatements="0" conditionals="0" coveredconditionals="0" methods="0" coveredmethods="0"/>
        </file>
      </package>
      <package name="ReactNativeScratch.src.containers.Launch">
        <metrics statements="8" coveredstatements="8" conditionals="0" coveredconditionals="0" methods="5" coveredmethods="4"/>
        <file name="LaunchContainer.js" path="/Users/josereyes/Dev/ReactNativeScratch/src/containers/Launch/LaunchContainer.js">
          <metrics statements="2" coveredstatements="2" conditionals="0" coveredconditionals="0" methods="1" coveredmethods="0"/>
          <line num="16" count="1" type="stmt"/>
          <line num="20" count="1" type="stmt"/>
        </file>
        <file name="LaunchView.js" path="/Users/josereyes/Dev/ReactNativeScratch/src/containers/Launch/LaunchView.js">
          <metrics statements="6" coveredstatements="6" conditionals="0" coveredconditionals="0" methods="4" coveredmethods="4"/>
          <line num="23" count="2" type="stmt"/>
          <line num="40" count="1" type="stmt"/>
          <line num="43" count="1" type="stmt"/>
          <line num="45" count="1" type="stmt"/>
          <line num="47" count="1" type="stmt"/>
          <line num="51" count="1" type="stmt"/>
        </file>
      </package>
      <package name="ReactNativeScratch.src.containers.auth">
        <metrics statements="2" coveredstatements="2" conditionals="0" coveredconditionals="0" methods="1" coveredmethods="1"/>
        <file name="AuthenticateView.js" path="/Users/josereyes/Dev/ReactNativeScratch/src/containers/auth/AuthenticateView.js">
          <metrics statements="2" coveredstatements="2" conditionals="0" coveredconditionals="0" methods="1" coveredmethods="1"/>
          <line num="24" count="1" type="stmt"/>
          <line num="44" count="1" type="stmt"/>
        </file>
      </package>
      <package name="ReactNativeScratch.src.containers.auth.Login">
        <metrics statements="30" coveredstatements="11" conditionals="8" coveredconditionals="0" methods="14" coveredmethods="5"/>
        <file name="LoginContainer.js" path="/Users/josereyes/Dev/ReactNativeScratch/src/containers/auth/Login/LoginContainer.js">
          <metrics statements="2" coveredstatements="2" conditionals="0" coveredconditionals="0" methods="1" coveredmethods="0"/>
          <line num="16" count="1" type="stmt"/>
          <line num="21" count="1" type="stmt"/>
        </file>
        <file name="LoginView.js" path="/Users/josereyes/Dev/ReactNativeScratch/src/containers/auth/Login/LoginView.js">
          <metrics statements="28" coveredstatements="9" conditionals="8" coveredconditionals="0" methods="13" coveredmethods="5"/>
          <line num="32" count="1" type="stmt"/>
          <line num="35" count="1" type="stmt"/>
          <line num="37" count="0" type="stmt"/>
          <line num="39" count="0" type="stmt"/>
          <line num="44" count="1" type="stmt"/>
          <line num="46" count="0" type="stmt"/>
          <line num="47" count="0" type="stmt"/>
          <line num="51" count="1" type="stmt"/>
          <line num="85" count="1" type="stmt"/>
          <line num="86" count="0" type="stmt"/>
          <line num="88" count="0" type="stmt"/>
          <line num="89" count="0" type="stmt"/>
          <line num="103" count="0" type="stmt"/>
          <line num="106" count="0" type="stmt"/>
          <line num="107" count="0" type="stmt"/>
          <line num="108" count="0" type="stmt"/>
          <line num="111" count="0" type="stmt"/>
          <line num="112" count="0" type="stmt"/>
          <line num="115" count="0" type="stmt"/>
          <line num="119" count="0" type="stmt"/>
          <line num="122" count="0" type="stmt"/>
          <line num="123" count="0" type="stmt"/>
          <line num="127" count="0" type="stmt"/>
          <line num="128" count="0" type="stmt"/>
          <line num="135" count="1" type="stmt"/>
          <line num="137" count="1" type="stmt"/>
          <line num="140" count="1" type="stmt"/>
          <line num="152" count="1" type="stmt"/>
        </file>
      </package>
      <package name="ReactNativeScratch.src.containers.recipes">
        <metrics statements="16" coveredstatements="10" conditionals="6" coveredconditionals="4" methods="5" coveredmethods="3"/>
        <file name="RecipeView.js" path="/Users/josereyes/Dev/ReactNativeScratch/src/containers/recipes/RecipeView.js">
          <metrics statements="16" coveredstatements="10" conditionals="6" coveredconditionals="4" methods="5" coveredmethods="3"/>
          <line num="23" count="1" type="stmt"/>
          <line num="49" count="1" type="stmt"/>
          <line num="50" count="1" type="stmt"/>
          <line num="52" count="1" type="stmt"/>
          <line num="53" count="2" type="stmt"/>
          <line num="61" count="2" type="stmt"/>
          <line num="64" count="1" type="stmt"/>
          <line num="71" count="0" type="stmt"/>
          <line num="72" count="0" type="stmt"/>
          <line num="74" count="0" type="stmt"/>
          <line num="75" count="0" type="stmt"/>
          <line num="83" count="0" type="stmt"/>
          <line num="86" count="0" type="stmt"/>
          <line num="90" count="1" type="stmt"/>
          <line num="91" count="1" type="stmt"/>
          <line num="93" count="1" type="stmt"/>
        </file>
      </package>
      <package name="ReactNativeScratch.src.containers.recipes.Browse">
        <metrics statements="31" coveredstatements="7" conditionals="16" coveredconditionals="2" methods="15" coveredmethods="3"/>
        <file name="BrowseContainer.js" path="/Users/josereyes/Dev/ReactNativeScratch/src/containers/recipes/Browse/BrowseContainer.js">
          <metrics statements="2" coveredstatements="2" conditionals="0" coveredconditionals="0" methods="1" coveredmethods="0"/>
          <line num="16" count="1" type="stmt"/>
          <line num="21" count="1" type="stmt"/>
        </file>
        <file name="BrowseView.js" path="/Users/josereyes/Dev/ReactNativeScratch/src/containers/recipes/Browse/BrowseView.js">
          <metrics statements="29" coveredstatements="5" conditionals="16" coveredconditionals="2" methods="14" coveredmethods="3"/>
          <line num="29" count="2" type="stmt"/>
          <line num="55" count="1" type="stmt"/>
          <line num="57" count="1" type="stmt"/>
          <line num="64" count="1" type="stmt"/>
          <line num="65" count="0" type="stmt"/>
          <line num="73" count="0" type="stmt"/>
          <line num="74" count="0" type="stmt"/>
          <line num="75" count="0" type="stmt"/>
          <line num="76" count="0" type="stmt"/>
          <line num="82" count="0" type="stmt"/>
          <line num="85" count="0" type="stmt"/>
          <line num="91" count="0" type="stmt"/>
          <line num="102" count="0" type="stmt"/>
          <line num="103" count="0" type="stmt"/>
          <line num="105" count="0" type="stmt"/>
          <line num="107" count="0" type="stmt"/>
          <line num="108" count="0" type="stmt"/>
          <line num="114" count="0" type="stmt"/>
          <line num="122" count="0" type="stmt"/>
          <line num="131" count="0" type="stmt"/>
          <line num="136" count="0" type="stmt"/>
          <line num="146" count="0" type="stmt"/>
          <line num="150" count="0" type="stmt"/>
          <line num="154" count="0" type="stmt"/>
          <line num="155" count="0" type="stmt"/>
          <line num="159" count="0" type="stmt"/>
          <line num="169" count="1" type="stmt"/>
          <line num="170" count="0" type="stmt"/>
          <line num="172" count="0" type="stmt"/>
        </file>
      </package>
      <package name="ReactNativeScratch.src.containers.recipes.Card">
        <metrics statements="42" coveredstatements="5" conditionals="47" coveredconditionals="3" methods="10" coveredmethods="1"/>
        <file name="CardContainer.js" path="/Users/josereyes/Dev/ReactNativeScratch/src/containers/recipes/Card/CardContainer.js">
          <metrics statements="39" coveredstatements="2" conditionals="39" coveredconditionals="0" methods="9" coveredmethods="0"/>
          <line num="22" count="5" type="stmt"/>
          <line num="27" count="5" type="stmt"/>
          <line num="51" count="0" type="stmt"/>
          <line num="53" count="0" type="stmt"/>
          <line num="54" count="0" type="stmt"/>
          <line num="60" count="0" type="stmt"/>
          <line num="61" count="0" type="stmt"/>
          <line num="62" count="0" type="stmt"/>
          <line num="70" count="0" type="stmt"/>
          <line num="80" count="0" type="stmt"/>
          <line num="82" count="0" type="stmt"/>
          <line num="83" count="0" type="stmt"/>
          <line num="93" count="0" type="stmt"/>
          <line num="96" count="0" type="stmt"/>
          <line num="98" count="0" type="stmt"/>
          <line num="101" count="0" type="stmt"/>
          <line num="109" count="0" type="stmt"/>
          <line num="110" count="0" type="stmt"/>
          <line num="111" count="0" type="stmt"/>
          <line num="112" count="0" type="stmt"/>
          <line num="115" count="0" type="stmt"/>
          <line num="116" count="0" type="stmt"/>
          <line num="117" count="0" type="stmt"/>
          <line num="120" count="0" type="stmt"/>
          <line num="129" count="0" type="stmt"/>
          <line num="140" count="0" type="stmt"/>
          <line num="142" count="0" type="stmt"/>
          <line num="143" count="0" type="stmt"/>
          <line num="144" count="0" type="stmt"/>
          <line num="145" count="0" type="stmt"/>
          <line num="148" count="0" type="stmt"/>
          <line num="149" count="0" type="stmt"/>
          <line num="150" count="0" type="stmt"/>
          <line num="151" count="0" type="stmt"/>
          <line num="155" count="0" type="stmt"/>
          <line num="159" count="0" type="stmt"/>
          <line num="163" count="0" type="stmt"/>
          <line num="164" count="0" type="stmt"/>
          <line num="166" count="0" type="stmt"/>
        </file>
        <file name="CardView.js" path="/Users/josereyes/Dev/ReactNativeScratch/src/containers/recipes/Card/CardView.js">
          <metrics statements="3" coveredstatements="3" conditionals="8" coveredconditionals="3" methods="1" coveredmethods="1"/>
          <line num="23" count="6" type="stmt"/>
          <line num="45" count="1" type="stmt"/>
          <line num="47" count="1" type="stmt"/>
        </file>
      </package>
      <package name="ReactNativeScratch.src.containers.recipes.Listing">
        <metrics statements="30" coveredstatements="8" conditionals="15" coveredconditionals="3" methods="14" coveredmethods="2"/>
        <file name="ListingContainer.js" path="/Users/josereyes/Dev/ReactNativeScratch/src/containers/recipes/Listing/ListingContainer.js">
          <metrics statements="16" coveredstatements="2" conditionals="6" coveredconditionals="0" methods="7" coveredmethods="0"/>
          <line num="24" count="3" type="stmt"/>
          <line num="28" count="3" type="stmt"/>
          <line num="40" count="0" type="stmt"/>
          <line num="42" count="0" type="stmt"/>
          <line num="50" count="0" type="stmt"/>
          <line num="57" count="0" type="stmt"/>
          <line num="60" count="0" type="stmt"/>
          <line num="61" count="0" type="stmt"/>
          <line num="66" count="0" type="stmt"/>
          <line num="68" count="0" type="stmt"/>
          <line num="74" count="0" type="stmt"/>
          <line num="76" count="0" type="stmt"/>
          <line num="85" count="0" type="stmt"/>
          <line num="87" count="0" type="stmt"/>
          <line num="88" count="0" type="stmt"/>
          <line num="90" count="0" type="stmt"/>
        </file>
        <file name="ListingView.js" path="/Users/josereyes/Dev/ReactNativeScratch/src/containers/recipes/Listing/ListingView.js">
          <metrics statements="14" coveredstatements="6" conditionals="9" coveredconditionals="3" methods="7" coveredmethods="2"/>
          <line num="35" count="1" type="stmt"/>
          <line num="37" count="1" type="stmt"/>
          <line num="40" count="0" type="stmt"/>
          <line num="46" count="0" type="stmt"/>
          <line num="56" count="0" type="stmt"/>
          <line num="57" count="0" type="stmt"/>
          <line num="59" count="0" type="stmt"/>
          <line num="61" count="0" type="stmt"/>
          <line num="67" count="1" type="stmt"/>
          <line num="68" count="1" type="stmt"/>
          <line num="70" count="1" type="stmt"/>
          <line num="71" count="0" type="stmt"/>
          <line num="74" count="1" type="stmt"/>
          <line num="78" count="0" type="stmt"/>
        </file>
      </package>
      <package name="ReactNativeScratch.src.lib">
        <metrics statements="160" coveredstatements="17" conditionals="145" coveredconditionals="0" methods="37" coveredmethods="1"/>
        <file name="api.js" path="/Users/josereyes/Dev/ReactNativeScratch/src/lib/api.js">
          <metrics statements="78" coveredstatements="11" conditionals="63" coveredconditionals="0" methods="18" coveredmethods="1"/>
          <line num="18" count="11" type="stmt"/>
          <line num="21" count="11" type="stmt"/>
          <line num="22" count="11" type="stmt"/>
          <line num="25" count="11" type="stmt"/>
          <line num="27" count="11" type="stmt"/>
          <line num="32" count="11" type="stmt"/>
          <line num="36" count="11" type="stmt"/>
          <line num="39" count="11" type="stmt"/>
          <line num="47" count="0" type="stmt"/>
          <line num="48" count="0" type="stmt"/>
          <line num="49" count="0" type="stmt"/>
          <line num="51" count="0" type="stmt"/>
          <line num="52" count="0" type="stmt"/>
          <line num="53" count="0" type="stmt"/>
          <line num="62" count="0" type="stmt"/>
          <line num="63" count="0" type="stmt"/>
          <line num="64" count="0" type="stmt"/>
          <line num="66" count="0" type="stmt"/>
          <line num="67" count="0" type="stmt"/>
          <line num="77" count="0" type="stmt"/>
          <line num="79" count="0" type="stmt"/>
          <line num="80" count="0" type="stmt"/>
          <line num="81" count="0" type="stmt"/>
          <line num="83" count="0" type="stmt"/>
          <line num="88" count="0" type="stmt"/>
          <line num="95" count="0" type="stmt"/>
          <line num="96" count="0" type="stmt"/>
          <line num="97" count="0" type="stmt"/>
          <line num="100" count="0" type="stmt"/>
          <line num="101" count="0" type="stmt"/>
          <line num="102" count="0" type="stmt"/>
          <line num="105" count="0" type="stmt"/>
          <line num="108" count="0" type="stmt"/>
          <line num="119" count="0" type="stmt"/>
          <line num="120" count="0" type="stmt"/>
          <line num="121" count="0" type="stmt"/>
          <line num="122" count="0" type="stmt"/>
          <line num="127" count="0" type="stmt"/>
          <line num="128" count="0" type="stmt"/>
          <line num="130" count="0" type="stmt"/>
          <line num="132" count="0" type="stmt"/>
          <line num="133" count="0" type="stmt"/>
          <line num="134" count="0" type="stmt"/>
          <line num="135" count="0" type="stmt"/>
          <line num="140" count="0" type="stmt"/>
          <line num="143" count="0" type="stmt"/>
          <line num="144" count="0" type="stmt"/>
          <line num="148" count="0" type="stmt"/>
          <line num="153" count="0" type="stmt"/>
          <line num="155" count="0" type="stmt"/>
          <line num="157" count="0" type="stmt"/>
          <line num="160" count="0" type="stmt"/>
          <line num="163" count="0" type="stmt"/>
          <line num="165" count="0" type="stmt"/>
          <line num="167" count="0" type="stmt"/>
          <line num="168" count="0" type="stmt"/>
          <line num="170" count="0" type="stmt"/>
          <line num="171" count="0" type="stmt"/>
          <line num="175" count="0" type="stmt"/>
          <line num="176" count="0" type="stmt"/>
          <line num="179" count="0" type="stmt"/>
          <line num="180" count="0" type="stmt"/>
          <line num="184" count="0" type="stmt"/>
          <line num="186" count="0" type="stmt"/>
          <line num="189" count="0" type="stmt"/>
          <line num="197" count="0" type="stmt"/>
          <line num="198" count="0" type="stmt"/>
          <line num="199" count="0" type="stmt"/>
          <line num="202" count="0" type="stmt"/>
          <line num="203" count="0" type="stmt"/>
          <line num="213" count="11" type="stmt"/>
          <line num="219" count="11" type="stmt"/>
          <line num="220" count="55" type="stmt"/>
          <line num="221" count="0" type="stmt"/>
          <line num="222" count="0" type="stmt"/>
          <line num="223" count="0" type="stmt"/>
          <line num="224" count="0" type="stmt"/>
          <line num="225" count="0" type="stmt"/>
        </file>
        <file name="api.jwt.js" path="/Users/josereyes/Dev/ReactNativeScratch/src/lib/api.jwt.js">
          <metrics statements="47" coveredstatements="0" conditionals="55" coveredconditionals="0" methods="9" coveredmethods="0"/>
          <line num="22" count="0" type="stmt"/>
          <line num="24" count="0" type="stmt"/>
          <line num="25" count="0" type="stmt"/>
          <line num="28" count="0" type="stmt"/>
          <line num="29" count="0" type="stmt"/>
          <line num="30" count="0" type="stmt"/>
          <line num="33" count="0" type="stmt"/>
          <line num="37" count="0" type="stmt"/>
          <line num="41" count="0" type="stmt"/>
          <line num="42" count="0" type="stmt"/>
          <line num="49" count="0" type="stmt"/>
          <line num="53" count="0" type="stmt"/>
          <line num="54" count="0" type="stmt"/>
          <line num="57" count="0" type="stmt"/>
          <line num="58" count="0" type="stmt"/>
          <line num="61" count="0" type="stmt"/>
          <line num="63" count="0" type="stmt"/>
          <line num="64" count="0" type="stmt"/>
          <line num="71" count="0" type="stmt"/>
          <line num="72" count="0" type="stmt"/>
          <line num="73" count="0" type="stmt"/>
          <line num="75" count="0" type="stmt"/>
          <line num="82" count="0" type="stmt"/>
          <line num="83" count="0" type="stmt"/>
          <line num="84" count="0" type="stmt"/>
          <line num="86" count="0" type="stmt"/>
          <line num="87" count="0" type="stmt"/>
          <line num="90" count="0" type="stmt"/>
          <line num="97" count="0" type="stmt"/>
          <line num="98" count="0" type="stmt"/>
          <line num="106" count="0" type="stmt"/>
          <line num="107" count="0" type="stmt"/>
          <line num="108" count="0" type="stmt"/>
          <line num="116" count="0" type="stmt"/>
          <line num="117" count="0" type="stmt"/>
          <line num="120" count="0" type="stmt"/>
          <line num="123" count="0" type="stmt"/>
          <line num="124" count="0" type="stmt"/>
          <line num="127" count="0" type="stmt"/>
          <line num="128" count="0" type="stmt"/>
          <line num="131" count="0" type="stmt"/>
          <line num="132" count="0" type="stmt"/>
          <line num="133" count="0" type="stmt"/>
          <line num="134" count="0" type="stmt"/>
          <line num="137" count="0" type="stmt"/>
          <line num="141" count="0" type="stmt"/>
          <line num="144" count="0" type="stmt"/>
        </file>
        <file name="util.js" path="/Users/josereyes/Dev/ReactNativeScratch/src/lib/util.js">
          <metrics statements="35" coveredstatements="6" conditionals="27" coveredconditionals="0" methods="10" coveredmethods="0"/>
          <line num="8" count="11" type="stmt"/>
          <line num="9" count="11" type="stmt"/>
          <line num="11" count="11" type="stmt"/>
          <line num="13" count="11" type="stmt"/>
          <line num="18" count="0" type="stmt"/>
          <line num="19" count="0" type="stmt"/>
          <line num="21" count="0" type="stmt"/>
          <line num="27" count="0" type="stmt"/>
          <line num="33" count="0" type="stmt"/>
          <line num="34" count="0" type="stmt"/>
          <line num="40" count="0" type="stmt"/>
          <line num="46" count="0" type="stmt"/>
          <line num="48" count="0" type="stmt"/>
          <line num="49" count="0" type="stmt"/>
          <line num="50" count="0" type="stmt"/>
          <line num="51" count="0" type="stmt"/>
          <line num="52" count="0" type="stmt"/>
          <line num="53" count="0" type="stmt"/>
          <line num="54" count="0" type="stmt"/>
          <line num="55" count="0" type="stmt"/>
          <line num="60" count="0" type="stmt"/>
          <line num="67" count="0" type="stmt"/>
          <line num="69" count="0" type="stmt"/>
          <line num="70" count="0" type="stmt"/>
          <line num="71" count="0" type="stmt"/>
          <line num="73" count="0" type="stmt"/>
          <line num="74" count="0" type="stmt"/>
          <line num="75" count="0" type="stmt"/>
          <line num="76" count="0" type="stmt"/>
          <line num="77" count="0" type="stmt"/>
          <line num="78" count="0" type="stmt"/>
          <line num="83" count="0" type="stmt"/>
          <line num="89" count="0" type="stmt"/>
          <line num="93" count="11" type="stmt"/>
          <line num="94" count="11" type="stmt"/>
        </file>
      </package>
      <package name="ReactNativeScratch.src.redux.recipes">
        <metrics statements="10" coveredstatements="4" conditionals="7" coveredconditionals="1" methods="5" coveredmethods="2"/>
        <file name="actions.js" path="/Users/josereyes/Dev/ReactNativeScratch/src/redux/recipes/actions.js">
          <metrics statements="3" coveredstatements="1" conditionals="0" coveredconditionals="0" methods="3" coveredmethods="1"/>
          <line num="11" count="1" type="stmt"/>
          <line num="12" count="0" type="stmt"/>
          <line num="14" count="0" type="stmt"/>
        </file>
        <file name="reducer.js" path="/Users/josereyes/Dev/ReactNativeScratch/src/redux/recipes/reducer.js">
          <metrics statements="7" coveredstatements="3" conditionals="7" coveredconditionals="1" methods="2" coveredmethods="1"/>
          <line num="11" count="1" type="stmt"/>
          <line num="16" count="1" type="stmt"/>
          <line num="18" count="0" type="stmt"/>
          <line num="21" count="0" type="stmt"/>
          <line num="22" count="0" type="stmt"/>
          <line num="31" count="0" type="stmt"/>
          <line num="37" count="1" type="stmt"/>
        </file>
      </package>
      <package name="ReactNativeScratch.src.redux.router">
        <metrics statements="4" coveredstatements="3" conditionals="3" coveredconditionals="2" methods="1" coveredmethods="1"/>
        <file name="reducer.js" path="/Users/josereyes/Dev/ReactNativeScratch/src/redux/router/reducer.js">
          <metrics statements="4" coveredstatements="3" conditionals="3" coveredconditionals="2" methods="1" coveredmethods="1"/>
          <line num="10" count="1" type="stmt"/>
          <line num="15" count="1" type="stmt"/>
          <line num="18" count="0" type="stmt"/>
          <line num="26" count="1" type="stmt"/>
        </file>
      </package>
      <package name="ReactNativeScratch.src.redux.sidemenu">
        <metrics statements="9" coveredstatements="8" conditionals="5" coveredconditionals="3" methods="4" coveredmethods="4"/>
        <file name="actions.js" path="/Users/josereyes/Dev/ReactNativeScratch/src/redux/sidemenu/actions.js">
          <metrics statements="3" coveredstatements="3" conditionals="0" coveredconditionals="0" methods="3" coveredmethods="3"/>
          <line num="9" count="2" type="stmt"/>
          <line num="15" count="2" type="stmt"/>
          <line num="21" count="2" type="stmt"/>
        </file>
        <file name="reducer.js" path="/Users/josereyes/Dev/ReactNativeScratch/src/redux/sidemenu/reducer.js">
          <metrics statements="6" coveredstatements="5" conditionals="5" coveredconditionals="3" methods="1" coveredmethods="1"/>
          <line num="9" count="1" type="stmt"/>
          <line num="15" count="3" type="stmt"/>
          <line num="17" count="1" type="stmt"/>
          <line num="22" count="1" type="stmt"/>
          <line num="27" count="1" type="stmt"/>
          <line num="32" count="0" type="stmt"/>
        </file>
      </package>
      <package name="ReactNativeScratch.src.redux.user">
        <metrics statements="28" coveredstatements="7" conditionals="17" coveredconditionals="2" methods="17" coveredmethods="5"/>
        <file name="actions.js" path="/Users/josereyes/Dev/ReactNativeScratch/src/redux/user/actions.js">
          <metrics statements="24" coveredstatements="4" conditionals="14" coveredconditionals="0" methods="16" coveredmethods="4"/>
          <line num="16" count="1" type="stmt"/>
          <line num="17" count="0" type="stmt"/>
          <line num="20" count="0" type="stmt"/>
          <line num="22" count="0" type="stmt"/>
          <line num="25" count="0" type="stmt"/>
          <line num="27" count="0" type="stmt"/>
          <line num="29" count="0" type="stmt"/>
          <line num="30" count="0" type="stmt"/>
          <line num="32" count="0" type="stmt"/>
          <line num="35" count="0" type="stmt"/>
          <line num="39" count="0" type="stmt"/>
          <line num="43" count="0" type="stmt"/>
          <line num="45" count="0" type="stmt"/>
          <line num="50" count="0" type="stmt"/>
          <line num="51" count="0" type="stmt"/>
          <line num="52" count="0" type="stmt"/>
          <line num="60" count="1" type="stmt"/>
          <line num="62" count="0" type="stmt"/>
          <line num="73" count="1" type="stmt"/>
          <line num="75" count="0" type="stmt"/>
          <line num="80" count="0" type="stmt"/>
          <line num="89" count="1" type="stmt"/>
          <line num="91" count="0" type="stmt"/>
          <line num="96" count="0" type="stmt"/>
        </file>
        <file name="reducer.js" path="/Users/josereyes/Dev/ReactNativeScratch/src/redux/user/reducer.js">
          <metrics statements="4" coveredstatements="3" conditionals="3" coveredconditionals="2" methods="1" coveredmethods="1"/>
          <line num="9" count="1" type="stmt"/>
          <line num="12" count="4" type="stmt"/>
          <line num="14" count="0" type="stmt"/>
          <line num="17" count="4" type="stmt"/>
        </file>
      </package>
      <package name="ReactNativeScratch.src.theme">
        <metrics statements="11" coveredstatements="11" conditionals="10" coveredconditionals="6" methods="1" coveredmethods="1"/>
        <file name="colors.js" path="/Users/josereyes/Dev/ReactNativeScratch/src/theme/colors.js">
          <metrics statements="5" coveredstatements="5" conditionals="0" coveredconditionals="0" methods="0" coveredmethods="0"/>
          <line num="8" count="27" type="stmt"/>
          <line num="14" count="27" type="stmt"/>
          <line num="21" count="27" type="stmt"/>
          <line num="28" count="27" type="stmt"/>
          <line num="32" count="27" type="stmt"/>
        </file>
        <file name="fonts.js" path="/Users/josereyes/Dev/ReactNativeScratch/src/theme/fonts.js">
          <metrics statements="3" coveredstatements="3" conditionals="2" coveredconditionals="2" methods="1" coveredmethods="1"/>
          <line num="10" count="135" type="stmt"/>
          <line num="11" count="135" type="stmt"/>
          <line num="14" count="27" type="stmt"/>
        </file>
        <file name="index.js" path="/Users/josereyes/Dev/ReactNativeScratch/src/theme/index.js">
          <metrics statements="0" coveredstatements="0" conditionals="0" coveredconditionals="0" methods="0" coveredmethods="0"/>
        </file>
        <file name="sizes.js" path="/Users/josereyes/Dev/ReactNativeScratch/src/theme/sizes.js">
          <metrics statements="3" coveredstatements="3" conditionals="8" coveredconditionals="4" methods="0" coveredmethods="0"/>
          <line num="9" count="27" type="stmt"/>
          <line num="10" count="27" type="stmt"/>
          <line num="11" count="27" type="stmt"/>
        </file>
        <file name="styles.js" path="/Users/josereyes/Dev/ReactNativeScratch/src/theme/styles.js">
          <metrics statements="0" coveredstatements="0" conditionals="0" coveredconditionals="0" methods="0" coveredmethods="0"/>
        </file>
      </package>
    </metrics>
  </project>
</coverage>
