{"/Users/josereyes/Dev/ReactNativeScratch/jest.setup.js": {"path":"/Users/josereyes/Dev/ReactNativeScratch/jest.setup.js","statementMap":{"0":{"start":{"line":3,"column":0},"end":{"line":11,"column":2}},"1":{"start":{"line":4,"column":3},"end":{"line":10,"column":3}},"2":{"start":{"line":14,"column":0},"end":{"line":14,"column":25}},"3":{"start":{"line":17,"column":0},"end":{"line":21,"column":2}},"4":{"start":{"line":18,"column":2},"end":{"line":20,"column":4}},"5":{"start":{"line":19,"column":10},"end":{"line":19,"column":76}},"6":{"start":{"line":19,"column":40},"end":{"line":19,"column":73}},"7":{"start":{"line":24,"column":0},"end":{"line":28,"column":2}},"8":{"start":{"line":25,"column":2},"end":{"line":27,"column":4}},"9":{"start":{"line":26,"column":10},"end":{"line":26,"column":31}}},"fnMap":{"0":{"name":"(anonymous_0)","decl":{"start":{"line":3,"column":21},"end":{"line":3,"column":22}},"loc":{"start":{"line":4,"column":3},"end":{"line":10,"column":3}}},"1":{"name":"(anonymous_1)","decl":{"start":{"line":17,"column":28},"end":{"line":17,"column":29}},"loc":{"start":{"line":17,"column":38},"end":{"line":21,"column":1}}},"2":{"name":"(anonymous_2)","decl":{"start":{"line":19,"column":4},"end":{"line":19,"column":5}},"loc":{"start":{"line":19,"column":10},"end":{"line":19,"column":76}}},"3":{"name":"(anonymous_3)","decl":{"start":{"line":19,"column":34},"end":{"line":19,"column":35}},"loc":{"start":{"line":19,"column":40},"end":{"line":19,"column":73}}},"4":{"name":"(anonymous_4)","decl":{"start":{"line":24,"column":28},"end":{"line":24,"column":29}},"loc":{"start":{"line":24,"column":39},"end":{"line":28,"column":1}}},"5":{"name":"(anonymous_5)","decl":{"start":{"line":26,"column":4},"end":{"line":26,"column":5}},"loc":{"start":{"line":26,"column":10},"end":{"line":26,"column":31}}}},"branchMap":{},"s":{"0":30,"1":11,"2":30,"3":30,"4":0,"5":0,"6":0,"7":30,"8":0,"9":0},"f":{"0":11,"1":0,"2":0,"3":0,"4":0,"5":0},"b":{},"_coverageSchema":"332fd63041d2c1bcb487cc26dd0d5f7d97098a6c","hash":"f8d2e8ec16c4b8255809516c1f71fa514a10dc66"}
,"/Users/josereyes/Dev/ReactNativeScratch/src/components/general/Error.js": {"path":"/Users/josereyes/Dev/ReactNativeScratch/src/components/general/Error.js","statementMap":{"0":{"start":{"line":20,"column":14},"end":{"line":39,"column":1}},"1":{"start":{"line":21,"column":2},"end":{"line":38,"column":9}},"2":{"start":{"line":41,"column":0},"end":{"line":41,"column":71}},"3":{"start":{"line":42,"column":0},"end":{"line":42,"column":78}},"4":{"start":{"line":43,"column":0},"end":{"line":43,"column":30}}},"fnMap":{"0":{"name":"(anonymous_0)","decl":{"start":{"line":20,"column":14},"end":{"line":20,"column":15}},"loc":{"start":{"line":21,"column":2},"end":{"line":38,"column":9}}}},"branchMap":{"0":{"loc":{"start":{"line":30,"column":5},"end":{"line":36,"column":8}},"type":"binary-expr","locations":[{"start":{"line":30,"column":5},"end":{"line":30,"column":15}},{"start":{"line":31,"column":6},"end":{"line":36,"column":8}}]}},"s":{"0":5,"1":2,"2":5,"3":5,"4":5},"f":{"0":2},"b":{"0":[2,1]},"_coverageSchema":"332fd63041d2c1bcb487cc26dd0d5f7d97098a6c","hash":"a36f0f6d40886118aeb7afe39dd41b40d37a96b7"}
,"/Users/josereyes/Dev/ReactNativeScratch/src/components/general/Loading.js": {"path":"/Users/josereyes/Dev/ReactNativeScratch/src/components/general/Loading.js","statementMap":{"0":{"start":{"line":19,"column":16},"end":{"line":37,"column":1}},"1":{"start":{"line":20,"column":2},"end":{"line":36,"column":9}},"2":{"start":{"line":39,"column":0},"end":{"line":39,"column":76}},"3":{"start":{"line":40,"column":0},"end":{"line":40,"column":58}},"4":{"start":{"line":41,"column":0},"end":{"line":41,"column":34}}},"fnMap":{"0":{"name":"(anonymous_0)","decl":{"start":{"line":19,"column":16},"end":{"line":19,"column":17}},"loc":{"start":{"line":20,"column":2},"end":{"line":36,"column":9}}}},"branchMap":{"0":{"loc":{"start":{"line":24,"column":6},"end":{"line":24,"column":66}},"type":"binary-expr","locations":[{"start":{"line":24,"column":6},"end":{"line":24,"column":17}},{"start":{"line":24,"column":21},"end":{"line":24,"column":66}}]},"1":{"loc":{"start":{"line":30,"column":13},"end":{"line":30,"column":42}},"type":"cond-expr","locations":[{"start":{"line":30,"column":27},"end":{"line":30,"column":33}},{"start":{"line":30,"column":36},"end":{"line":30,"column":42}}]},"2":{"loc":{"start":{"line":35,"column":5},"end":{"line":35,"column":34}},"type":"binary-expr","locations":[{"start":{"line":35,"column":5},"end":{"line":35,"column":11}},{"start":{"line":35,"column":15},"end":{"line":35,"column":34}}]}},"s":{"0":4,"1":3,"2":4,"3":4,"4":4},"f":{"0":3},"b":{"0":[3,0],"1":[0,3],"2":[3,1]},"_coverageSchema":"332fd63041d2c1bcb487cc26dd0d5f7d97098a6c","hash":"602700f6d7c8892c3e16c0035f1ae5081356f0e8"}
,"/Users/josereyes/Dev/ReactNativeScratch/src/components/general/Placeholder.js": {"path":"/Users/josereyes/Dev/ReactNativeScratch/src/components/general/Placeholder.js","statementMap":{"0":{"start":{"line":19,"column":20},"end":{"line":23,"column":1}},"1":{"start":{"line":20,"column":2},"end":{"line":22,"column":9}},"2":{"start":{"line":25,"column":0},"end":{"line":25,"column":51}},"3":{"start":{"line":26,"column":0},"end":{"line":26,"column":54}},"4":{"start":{"line":27,"column":0},"end":{"line":27,"column":42}}},"fnMap":{"0":{"name":"(anonymous_0)","decl":{"start":{"line":19,"column":20},"end":{"line":19,"column":21}},"loc":{"start":{"line":20,"column":2},"end":{"line":22,"column":9}}}},"branchMap":{},"s":{"0":1,"1":2,"2":1,"3":1,"4":1},"f":{"0":2},"b":{},"_coverageSchema":"332fd63041d2c1bcb487cc26dd0d5f7d97098a6c","hash":"0943b97c3cfc8bb10e7eef94011fafefeeb66ad6"}
,"/Users/josereyes/Dev/ReactNativeScratch/src/components/ui/Alerts.js": {"path":"/Users/josereyes/Dev/ReactNativeScratch/src/components/ui/Alerts.js","statementMap":{"0":{"start":{"line":23,"column":15},"end":{"line":62,"column":2}},"1":{"start":{"line":65,"column":15},"end":{"line":103,"column":1}},"2":{"start":{"line":66,"column":2},"end":{"line":102,"column":9}},"3":{"start":{"line":105,"column":0},"end":{"line":109,"column":2}},"4":{"start":{"line":111,"column":0},"end":{"line":115,"column":2}},"5":{"start":{"line":117,"column":0},"end":{"line":117,"column":32}}},"fnMap":{"0":{"name":"(anonymous_0)","decl":{"start":{"line":65,"column":15},"end":{"line":65,"column":16}},"loc":{"start":{"line":66,"column":2},"end":{"line":102,"column":9}}}},"branchMap":{"0":{"loc":{"start":{"line":67,"column":5},"end":{"line":73,"column":13}},"type":"binary-expr","locations":[{"start":{"line":67,"column":5},"end":{"line":67,"column":14}},{"start":{"line":68,"column":6},"end":{"line":73,"column":13}}]},"1":{"loc":{"start":{"line":76,"column":5},"end":{"line":84,"column":13}},"type":"binary-expr","locations":[{"start":{"line":76,"column":5},"end":{"line":76,"column":13}},{"start":{"line":77,"column":6},"end":{"line":84,"column":13}}]},"2":{"loc":{"start":{"line":87,"column":5},"end":{"line":100,"column":13}},"type":"binary-expr","locations":[{"start":{"line":87,"column":5},"end":{"line":87,"column":12}},{"start":{"line":88,"column":6},"end":{"line":100,"column":13}}]}},"s":{"0":16,"1":16,"2":5,"3":16,"4":16,"5":16},"f":{"0":5},"b":{"0":[5,1],"1":[5,1],"2":[5,1]},"_coverageSchema":"332fd63041d2c1bcb487cc26dd0d5f7d97098a6c","hash":"1f49b92dc8933a580bff694a6917c9ad0adb3b82"}
,"/Users/josereyes/Dev/ReactNativeScratch/src/components/ui/Button.js": {"path":"/Users/josereyes/Dev/ReactNativeScratch/src/components/ui/Button.js","statementMap":{"0":{"start":{"line":38,"column":18},"end":{"line":61,"column":5}},"1":{"start":{"line":65,"column":4},"end":{"line":75,"column":5}},"2":{"start":{"line":66,"column":6},"end":{"line":66,"column":26}},"3":{"start":{"line":67,"column":6},"end":{"line":67,"column":36}},"4":{"start":{"line":69,"column":6},"end":{"line":74,"column":7}},"5":{"start":{"line":70,"column":8},"end":{"line":73,"column":10}},"6":{"start":{"line":76,"column":4},"end":{"line":86,"column":5}},"7":{"start":{"line":77,"column":6},"end":{"line":77,"column":26}},"8":{"start":{"line":78,"column":6},"end":{"line":78,"column":37}},"9":{"start":{"line":80,"column":6},"end":{"line":85,"column":7}},"10":{"start":{"line":81,"column":8},"end":{"line":84,"column":10}},"11":{"start":{"line":89,"column":4},"end":{"line":102,"column":5}},"12":{"start":{"line":90,"column":6},"end":{"line":90,"column":27}},"13":{"start":{"line":91,"column":6},"end":{"line":91,"column":74}},"14":{"start":{"line":92,"column":6},"end":{"line":92,"column":44}},"15":{"start":{"line":93,"column":6},"end":{"line":93,"column":40}},"16":{"start":{"line":94,"column":6},"end":{"line":94,"column":62}},"17":{"start":{"line":96,"column":6},"end":{"line":101,"column":7}},"18":{"start":{"line":97,"column":8},"end":{"line":100,"column":10}},"19":{"start":{"line":104,"column":4},"end":{"line":104,"column":17}},"20":{"start":{"line":107,"column":17},"end":{"line":107,"column":51}}},"fnMap":{"0":{"name":"(anonymous_0)","decl":{"start":{"line":36,"column":16},"end":{"line":36,"column":17}},"loc":{"start":{"line":36,"column":22},"end":{"line":105,"column":3}}},"1":{"name":"(anonymous_1)","decl":{"start":{"line":107,"column":11},"end":{"line":107,"column":12}},"loc":{"start":{"line":107,"column":17},"end":{"line":107,"column":51}}}},"branchMap":{"0":{"loc":{"start":{"line":53,"column":23},"end":{"line":53,"column":76}},"type":"binary-expr","locations":[{"start":{"line":53,"column":23},"end":{"line":53,"column":49}},{"start":{"line":53,"column":53},"end":{"line":53,"column":76}}]},"1":{"loc":{"start":{"line":56,"column":12},"end":{"line":60,"column":16}},"type":"cond-expr","locations":[{"start":{"line":57,"column":10},"end":{"line":60,"column":9}},{"start":{"line":60,"column":12},"end":{"line":60,"column":16}}]},"2":{"loc":{"start":{"line":56,"column":13},"end":{"line":56,"column":52}},"type":"binary-expr","locations":[{"start":{"line":56,"column":13},"end":{"line":56,"column":28}},{"start":{"line":56,"column":32},"end":{"line":56,"column":52}}]},"3":{"loc":{"start":{"line":65,"column":4},"end":{"line":75,"column":5}},"type":"if","locations":[{"start":{"line":65,"column":4},"end":{"line":75,"column":5}},{"start":{"line":65,"column":4},"end":{"line":75,"column":5}}]},"4":{"loc":{"start":{"line":69,"column":6},"end":{"line":74,"column":7}},"type":"if","locations":[{"start":{"line":69,"column":6},"end":{"line":74,"column":7}},{"start":{"line":69,"column":6},"end":{"line":74,"column":7}}]},"5":{"loc":{"start":{"line":69,"column":10},"end":{"line":69,"column":39}},"type":"binary-expr","locations":[{"start":{"line":69,"column":10},"end":{"line":69,"column":20}},{"start":{"line":69,"column":24},"end":{"line":69,"column":39}}]},"6":{"loc":{"start":{"line":76,"column":4},"end":{"line":86,"column":5}},"type":"if","locations":[{"start":{"line":76,"column":4},"end":{"line":86,"column":5}},{"start":{"line":76,"column":4},"end":{"line":86,"column":5}}]},"7":{"loc":{"start":{"line":80,"column":6},"end":{"line":85,"column":7}},"type":"if","locations":[{"start":{"line":80,"column":6},"end":{"line":85,"column":7}},{"start":{"line":80,"column":6},"end":{"line":85,"column":7}}]},"8":{"loc":{"start":{"line":80,"column":10},"end":{"line":80,"column":39}},"type":"binary-expr","locations":[{"start":{"line":80,"column":10},"end":{"line":80,"column":20}},{"start":{"line":80,"column":24},"end":{"line":80,"column":39}}]},"9":{"loc":{"start":{"line":89,"column":4},"end":{"line":102,"column":5}},"type":"if","locations":[{"start":{"line":89,"column":4},"end":{"line":102,"column":5}},{"start":{"line":89,"column":4},"end":{"line":102,"column":5}}]},"10":{"loc":{"start":{"line":91,"column":30},"end":{"line":91,"column":73}},"type":"binary-expr","locations":[{"start":{"line":91,"column":30},"end":{"line":91,"column":56}},{"start":{"line":91,"column":60},"end":{"line":91,"column":73}}]},"11":{"loc":{"start":{"line":96,"column":6},"end":{"line":101,"column":7}},"type":"if","locations":[{"start":{"line":96,"column":6},"end":{"line":101,"column":7}},{"start":{"line":96,"column":6},"end":{"line":101,"column":7}}]},"12":{"loc":{"start":{"line":96,"column":10},"end":{"line":96,"column":39}},"type":"binary-expr","locations":[{"start":{"line":96,"column":10},"end":{"line":96,"column":20}},{"start":{"line":96,"column":24},"end":{"line":96,"column":39}}]}},"s":{"0":16,"1":16,"2":5,"3":5,"4":5,"5":1,"6":16,"7":1,"8":1,"9":1,"10":1,"11":16,"12":3,"13":3,"14":3,"15":3,"16":3,"17":3,"18":1,"19":16,"20":16},"f":{"0":16,"1":16},"b":{"0":[16,15],"1":[6,10],"2":[16,16],"3":[5,11],"4":[1,4],"5":[5,1],"6":[1,15],"7":[1,0],"8":[1,1],"9":[3,13],"10":[3,3],"11":[1,2],"12":[3,1]},"_coverageSchema":"332fd63041d2c1bcb487cc26dd0d5f7d97098a6c","hash":"31106b639b1443edaf62b716fd8b32c904d696a4"}
,"/Users/josereyes/Dev/ReactNativeScratch/src/components/ui/Card.js": {"path":"/Users/josereyes/Dev/ReactNativeScratch/src/components/ui/Card.js","statementMap":{"0":{"start":{"line":35,"column":18},"end":{"line":49,"column":5}},"1":{"start":{"line":51,"column":4},"end":{"line":53,"column":5}},"2":{"start":{"line":52,"column":6},"end":{"line":52,"column":59}},"3":{"start":{"line":55,"column":4},"end":{"line":57,"column":5}},"4":{"start":{"line":56,"column":6},"end":{"line":56,"column":51}},"5":{"start":{"line":59,"column":4},"end":{"line":59,"column":17}},"6":{"start":{"line":62,"column":17},"end":{"line":62,"column":47}}},"fnMap":{"0":{"name":"(anonymous_0)","decl":{"start":{"line":33,"column":14},"end":{"line":33,"column":15}},"loc":{"start":{"line":33,"column":20},"end":{"line":60,"column":3}}},"1":{"name":"(anonymous_1)","decl":{"start":{"line":62,"column":11},"end":{"line":62,"column":12}},"loc":{"start":{"line":62,"column":17},"end":{"line":62,"column":47}}}},"branchMap":{"0":{"loc":{"start":{"line":51,"column":4},"end":{"line":53,"column":5}},"type":"if","locations":[{"start":{"line":51,"column":4},"end":{"line":53,"column":5}},{"start":{"line":51,"column":4},"end":{"line":53,"column":5}}]},"1":{"loc":{"start":{"line":55,"column":4},"end":{"line":57,"column":5}},"type":"if","locations":[{"start":{"line":55,"column":4},"end":{"line":57,"column":5}},{"start":{"line":55,"column":4},"end":{"line":57,"column":5}}]}},"s":{"0":7,"1":7,"2":7,"3":7,"4":7,"5":7,"6":7},"f":{"0":7,"1":7},"b":{"0":[7,0],"1":[7,0]},"_coverageSchema":"332fd63041d2c1bcb487cc26dd0d5f7d97098a6c","hash":"46c4122178947cfa196f69ecbec8baa6b7b343db"}
,"/Users/josereyes/Dev/ReactNativeScratch/src/components/ui/FormInput.js": {"path":"/Users/josereyes/Dev/ReactNativeScratch/src/components/ui/FormInput.js","statementMap":{"0":{"start":{"line":36,"column":18},"end":{"line":52,"column":5}},"1":{"start":{"line":54,"column":4},"end":{"line":56,"column":5}},"2":{"start":{"line":55,"column":6},"end":{"line":55,"column":59}},"3":{"start":{"line":58,"column":4},"end":{"line":60,"column":5}},"4":{"start":{"line":59,"column":6},"end":{"line":59,"column":51}},"5":{"start":{"line":62,"column":4},"end":{"line":62,"column":17}},"6":{"start":{"line":65,"column":17},"end":{"line":65,"column":53}}},"fnMap":{"0":{"name":"(anonymous_0)","decl":{"start":{"line":34,"column":15},"end":{"line":34,"column":16}},"loc":{"start":{"line":34,"column":21},"end":{"line":63,"column":3}}},"1":{"name":"(anonymous_1)","decl":{"start":{"line":65,"column":11},"end":{"line":65,"column":12}},"loc":{"start":{"line":65,"column":17},"end":{"line":65,"column":53}}}},"branchMap":{"0":{"loc":{"start":{"line":54,"column":4},"end":{"line":56,"column":5}},"type":"if","locations":[{"start":{"line":54,"column":4},"end":{"line":56,"column":5}},{"start":{"line":54,"column":4},"end":{"line":56,"column":5}}]},"1":{"loc":{"start":{"line":58,"column":4},"end":{"line":60,"column":5}},"type":"if","locations":[{"start":{"line":58,"column":4},"end":{"line":60,"column":5}},{"start":{"line":58,"column":4},"end":{"line":60,"column":5}}]}},"s":{"0":1,"1":1,"2":1,"3":1,"4":1,"5":1,"6":1},"f":{"0":1,"1":1},"b":{"0":[1,0],"1":[1,0]},"_coverageSchema":"332fd63041d2c1bcb487cc26dd0d5f7d97098a6c","hash":"76ede4a581c2053ddb7a4792b77081eddf326f9f"}
,"/Users/josereyes/Dev/ReactNativeScratch/src/components/ui/FormLabel.js": {"path":"/Users/josereyes/Dev/ReactNativeScratch/src/components/ui/FormLabel.js","statementMap":{"0":{"start":{"line":33,"column":18},"end":{"line":39,"column":5}},"1":{"start":{"line":41,"column":4},"end":{"line":43,"column":5}},"2":{"start":{"line":42,"column":6},"end":{"line":42,"column":51}},"3":{"start":{"line":45,"column":4},"end":{"line":45,"column":17}},"4":{"start":{"line":48,"column":17},"end":{"line":48,"column":84}}},"fnMap":{"0":{"name":"(anonymous_0)","decl":{"start":{"line":31,"column":15},"end":{"line":31,"column":16}},"loc":{"start":{"line":31,"column":21},"end":{"line":46,"column":3}}},"1":{"name":"(anonymous_1)","decl":{"start":{"line":48,"column":11},"end":{"line":48,"column":12}},"loc":{"start":{"line":48,"column":17},"end":{"line":48,"column":84}}}},"branchMap":{"0":{"loc":{"start":{"line":41,"column":4},"end":{"line":43,"column":5}},"type":"if","locations":[{"start":{"line":41,"column":4},"end":{"line":43,"column":5}},{"start":{"line":41,"column":4},"end":{"line":43,"column":5}}]}},"s":{"0":1,"1":1,"2":1,"3":1,"4":1},"f":{"0":1,"1":1},"b":{"0":[1,0]},"_coverageSchema":"332fd63041d2c1bcb487cc26dd0d5f7d97098a6c","hash":"b23994817dad1fd91ce580d7824f20c2a0e2944c"}
,"/Users/josereyes/Dev/ReactNativeScratch/src/components/ui/List.js": {"path":"/Users/josereyes/Dev/ReactNativeScratch/src/components/ui/List.js","statementMap":{"0":{"start":{"line":30,"column":18},"end":{"line":38,"column":5}},"1":{"start":{"line":40,"column":4},"end":{"line":42,"column":5}},"2":{"start":{"line":41,"column":6},"end":{"line":41,"column":59}},"3":{"start":{"line":44,"column":4},"end":{"line":44,"column":17}},"4":{"start":{"line":47,"column":17},"end":{"line":47,"column":47}}},"fnMap":{"0":{"name":"(anonymous_0)","decl":{"start":{"line":28,"column":14},"end":{"line":28,"column":15}},"loc":{"start":{"line":28,"column":20},"end":{"line":45,"column":3}}},"1":{"name":"(anonymous_1)","decl":{"start":{"line":47,"column":11},"end":{"line":47,"column":12}},"loc":{"start":{"line":47,"column":17},"end":{"line":47,"column":47}}}},"branchMap":{"0":{"loc":{"start":{"line":40,"column":4},"end":{"line":42,"column":5}},"type":"if","locations":[{"start":{"line":40,"column":4},"end":{"line":42,"column":5}},{"start":{"line":40,"column":4},"end":{"line":42,"column":5}}]}},"s":{"0":1,"1":1,"2":1,"3":1,"4":1},"f":{"0":1,"1":1},"b":{"0":[1,0]},"_coverageSchema":"332fd63041d2c1bcb487cc26dd0d5f7d97098a6c","hash":"70359232c16e3de64818feb2db4dfb408282b37f"}
,"/Users/josereyes/Dev/ReactNativeScratch/src/components/ui/ListItem.js": {"path":"/Users/josereyes/Dev/ReactNativeScratch/src/components/ui/ListItem.js","statementMap":{"0":{"start":{"line":40,"column":18},"end":{"line":52,"column":5}},"1":{"start":{"line":54,"column":4},"end":{"line":56,"column":5}},"2":{"start":{"line":55,"column":6},"end":{"line":55,"column":59}},"3":{"start":{"line":58,"column":4},"end":{"line":60,"column":5}},"4":{"start":{"line":59,"column":6},"end":{"line":59,"column":51}},"5":{"start":{"line":62,"column":4},"end":{"line":64,"column":5}},"6":{"start":{"line":63,"column":6},"end":{"line":63,"column":57}},"7":{"start":{"line":66,"column":4},"end":{"line":66,"column":17}},"8":{"start":{"line":69,"column":17},"end":{"line":69,"column":55}}},"fnMap":{"0":{"name":"(anonymous_0)","decl":{"start":{"line":38,"column":18},"end":{"line":38,"column":19}},"loc":{"start":{"line":38,"column":24},"end":{"line":67,"column":3}}},"1":{"name":"(anonymous_1)","decl":{"start":{"line":69,"column":11},"end":{"line":69,"column":12}},"loc":{"start":{"line":69,"column":17},"end":{"line":69,"column":55}}}},"branchMap":{"0":{"loc":{"start":{"line":54,"column":4},"end":{"line":56,"column":5}},"type":"if","locations":[{"start":{"line":54,"column":4},"end":{"line":56,"column":5}},{"start":{"line":54,"column":4},"end":{"line":56,"column":5}}]},"1":{"loc":{"start":{"line":58,"column":4},"end":{"line":60,"column":5}},"type":"if","locations":[{"start":{"line":58,"column":4},"end":{"line":60,"column":5}},{"start":{"line":58,"column":4},"end":{"line":60,"column":5}}]},"2":{"loc":{"start":{"line":62,"column":4},"end":{"line":64,"column":5}},"type":"if","locations":[{"start":{"line":62,"column":4},"end":{"line":64,"column":5}},{"start":{"line":62,"column":4},"end":{"line":64,"column":5}}]}},"s":{"0":3,"1":3,"2":3,"3":3,"4":3,"5":3,"6":3,"7":3,"8":3},"f":{"0":3,"1":3},"b":{"0":[3,0],"1":[3,0],"2":[3,0]},"_coverageSchema":"332fd63041d2c1bcb487cc26dd0d5f7d97098a6c","hash":"872fc9fd45f164926f99342cac41f90a7a80549d"}
,"/Users/josereyes/Dev/ReactNativeScratch/src/components/ui/Spacer.js": {"path":"/Users/josereyes/Dev/ReactNativeScratch/src/components/ui/Spacer.js","statementMap":{"0":{"start":{"line":13,"column":15},"end":{"line":22,"column":1}},"1":{"start":{"line":14,"column":2},"end":{"line":21,"column":4}},"2":{"start":{"line":24,"column":0},"end":{"line":24,"column":46}},"3":{"start":{"line":25,"column":0},"end":{"line":25,"column":35}},"4":{"start":{"line":26,"column":0},"end":{"line":26,"column":32}}},"fnMap":{"0":{"name":"(anonymous_0)","decl":{"start":{"line":13,"column":15},"end":{"line":13,"column":16}},"loc":{"start":{"line":14,"column":2},"end":{"line":21,"column":4}}}},"branchMap":{},"s":{"0":16,"1":17,"2":16,"3":16,"4":16},"f":{"0":17},"b":{},"_coverageSchema":"332fd63041d2c1bcb487cc26dd0d5f7d97098a6c","hash":"7d110ab951c7548d72c3b7c1f2085c8efec47e6f"}
,"/Users/josereyes/Dev/ReactNativeScratch/src/components/ui/TabIcon.js": {"path":"/Users/josereyes/Dev/ReactNativeScratch/src/components/ui/TabIcon.js","statementMap":{"0":{"start":{"line":15,"column":16},"end":{"line":21,"column":1}},"1":{"start":{"line":16,"column":2},"end":{"line":20,"column":4}},"2":{"start":{"line":23,"column":0},"end":{"line":23,"column":84}},"3":{"start":{"line":24,"column":0},"end":{"line":24,"column":59}}},"fnMap":{"0":{"name":"(anonymous_0)","decl":{"start":{"line":15,"column":16},"end":{"line":15,"column":17}},"loc":{"start":{"line":16,"column":2},"end":{"line":20,"column":4}}}},"branchMap":{"0":{"loc":{"start":{"line":19,"column":11},"end":{"line":19,"column":82}},"type":"cond-expr","locations":[{"start":{"line":19,"column":22},"end":{"line":19,"column":51}},{"start":{"line":19,"column":54},"end":{"line":19,"column":82}}]}},"s":{"0":17,"1":1,"2":17,"3":17},"f":{"0":1},"b":{"0":[1,0]},"_coverageSchema":"332fd63041d2c1bcb487cc26dd0d5f7d97098a6c","hash":"0184b1960fa65979d4de7f90393633c90af658d6"}
,"/Users/josereyes/Dev/ReactNativeScratch/src/components/ui/Text.js": {"path":"/Users/josereyes/Dev/ReactNativeScratch/src/components/ui/Text.js","statementMap":{"0":{"start":{"line":46,"column":18},"end":{"line":49,"column":5}},"1":{"start":{"line":51,"column":4},"end":{"line":51,"column":50}},"2":{"start":{"line":51,"column":22},"end":{"line":51,"column":50}},"3":{"start":{"line":52,"column":4},"end":{"line":52,"column":52}},"4":{"start":{"line":52,"column":23},"end":{"line":52,"column":52}},"5":{"start":{"line":53,"column":4},"end":{"line":53,"column":52}},"6":{"start":{"line":53,"column":23},"end":{"line":53,"column":52}},"7":{"start":{"line":54,"column":4},"end":{"line":54,"column":52}},"8":{"start":{"line":54,"column":23},"end":{"line":54,"column":52}},"9":{"start":{"line":55,"column":4},"end":{"line":55,"column":52}},"10":{"start":{"line":55,"column":23},"end":{"line":55,"column":52}},"11":{"start":{"line":56,"column":4},"end":{"line":56,"column":52}},"12":{"start":{"line":56,"column":23},"end":{"line":56,"column":52}},"13":{"start":{"line":57,"column":4},"end":{"line":57,"column":61}},"14":{"start":{"line":57,"column":28},"end":{"line":57,"column":61}},"15":{"start":{"line":59,"column":4},"end":{"line":61,"column":5}},"16":{"start":{"line":60,"column":6},"end":{"line":60,"column":41}},"17":{"start":{"line":63,"column":4},"end":{"line":63,"column":17}},"18":{"start":{"line":66,"column":17},"end":{"line":66,"column":73}}},"fnMap":{"0":{"name":"(anonymous_0)","decl":{"start":{"line":44,"column":14},"end":{"line":44,"column":15}},"loc":{"start":{"line":44,"column":20},"end":{"line":64,"column":3}}},"1":{"name":"(anonymous_1)","decl":{"start":{"line":66,"column":11},"end":{"line":66,"column":12}},"loc":{"start":{"line":66,"column":17},"end":{"line":66,"column":73}}}},"branchMap":{"0":{"loc":{"start":{"line":51,"column":4},"end":{"line":51,"column":50}},"type":"if","locations":[{"start":{"line":51,"column":4},"end":{"line":51,"column":50}},{"start":{"line":51,"column":4},"end":{"line":51,"column":50}}]},"1":{"loc":{"start":{"line":52,"column":4},"end":{"line":52,"column":52}},"type":"if","locations":[{"start":{"line":52,"column":4},"end":{"line":52,"column":52}},{"start":{"line":52,"column":4},"end":{"line":52,"column":52}}]},"2":{"loc":{"start":{"line":53,"column":4},"end":{"line":53,"column":52}},"type":"if","locations":[{"start":{"line":53,"column":4},"end":{"line":53,"column":52}},{"start":{"line":53,"column":4},"end":{"line":53,"column":52}}]},"3":{"loc":{"start":{"line":54,"column":4},"end":{"line":54,"column":52}},"type":"if","locations":[{"start":{"line":54,"column":4},"end":{"line":54,"column":52}},{"start":{"line":54,"column":4},"end":{"line":54,"column":52}}]},"4":{"loc":{"start":{"line":55,"column":4},"end":{"line":55,"column":52}},"type":"if","locations":[{"start":{"line":55,"column":4},"end":{"line":55,"column":52}},{"start":{"line":55,"column":4},"end":{"line":55,"column":52}}]},"5":{"loc":{"start":{"line":56,"column":4},"end":{"line":56,"column":52}},"type":"if","locations":[{"start":{"line":56,"column":4},"end":{"line":56,"column":52}},{"start":{"line":56,"column":4},"end":{"line":56,"column":52}}]},"6":{"loc":{"start":{"line":57,"column":4},"end":{"line":57,"column":61}},"type":"if","locations":[{"start":{"line":57,"column":4},"end":{"line":57,"column":61}},{"start":{"line":57,"column":4},"end":{"line":57,"column":61}}]},"7":{"loc":{"start":{"line":59,"column":4},"end":{"line":61,"column":5}},"type":"if","locations":[{"start":{"line":59,"column":4},"end":{"line":61,"column":5}},{"start":{"line":59,"column":4},"end":{"line":61,"column":5}}]}},"s":{"0":28,"1":28,"2":4,"3":28,"4":2,"5":28,"6":3,"7":28,"8":2,"9":28,"10":1,"11":28,"12":1,"13":28,"14":1,"15":28,"16":8,"17":28,"18":28},"f":{"0":28,"1":28},"b":{"0":[4,24],"1":[2,26],"2":[3,25],"3":[2,26],"4":[1,27],"5":[1,27],"6":[1,27],"7":[8,20]},"_coverageSchema":"332fd63041d2c1bcb487cc26dd0d5f7d97098a6c","hash":"2e2813bd497750f07caf57b8ef3a9e7f717545dc"}
,"/Users/josereyes/Dev/ReactNativeScratch/src/components/ui/index.js": {"path":"/Users/josereyes/Dev/ReactNativeScratch/src/components/ui/index.js","statementMap":{},"fnMap":{},"branchMap":{},"s":{},"f":{},"b":{},"_coverageSchema":"332fd63041d2c1bcb487cc26dd0d5f7d97098a6c","hash":"2f857a052c407ffa34902a1066a7da5a0be5fa55"}
,"/Users/josereyes/Dev/ReactNativeScratch/src/constants/api.js": {"path":"/Users/josereyes/Dev/ReactNativeScratch/src/constants/api.js","statementMap":{},"fnMap":{},"branchMap":{},"s":{},"f":{},"b":{},"_coverageSchema":"332fd63041d2c1bcb487cc26dd0d5f7d97098a6c","hash":"1cf5926c0b79325a4bc2dba60d3d8becc9506a22"}
,"/Users/josereyes/Dev/ReactNativeScratch/src/constants/config.js": {"path":"/Users/josereyes/Dev/ReactNativeScratch/src/constants/config.js","statementMap":{},"fnMap":{},"branchMap":{"0":{"loc":{"start":{"line":18,"column":16},"end":{"line":18,"column":61}},"type":"cond-expr","locations":[{"start":{"line":18,"column":28},"end":{"line":18,"column":43}},{"start":{"line":18,"column":46},"end":{"line":18,"column":61}}]}},"s":{},"f":{},"b":{"0":[11,0]},"_coverageSchema":"332fd63041d2c1bcb487cc26dd0d5f7d97098a6c","hash":"9956185bc0dee2bb21ab106dc5107c48c321b353"}
,"/Users/josereyes/Dev/ReactNativeScratch/src/constants/errors.js": {"path":"/Users/josereyes/Dev/ReactNativeScratch/src/constants/errors.js","statementMap":{},"fnMap":{},"branchMap":{},"s":{},"f":{},"b":{},"_coverageSchema":"332fd63041d2c1bcb487cc26dd0d5f7d97098a6c","hash":"6f4c6e3201b7ee7638823fd5da5b0b1a9390821f"}
,"/Users/josereyes/Dev/ReactNativeScratch/src/constants/index.js": {"path":"/Users/josereyes/Dev/ReactNativeScratch/src/constants/index.js","statementMap":{},"fnMap":{},"branchMap":{},"s":{},"f":{},"b":{},"_coverageSchema":"332fd63041d2c1bcb487cc26dd0d5f7d97098a6c","hash":"748a8fd54936f13d019f7b0e6b244fa8607c62ca"}
,"/Users/josereyes/Dev/ReactNativeScratch/src/containers/Launch/LaunchContainer.js": {"path":"/Users/josereyes/Dev/ReactNativeScratch/src/containers/Launch/LaunchContainer.js","statementMap":{"0":{"start":{"line":16,"column":24},"end":{"line":17,"column":2}},"1":{"start":{"line":16,"column":31},"end":{"line":17,"column":1}},"2":{"start":{"line":20,"column":27},"end":{"line":22,"column":1}}},"fnMap":{"0":{"name":"(anonymous_0)","decl":{"start":{"line":16,"column":24},"end":{"line":16,"column":25}},"loc":{"start":{"line":16,"column":31},"end":{"line":17,"column":1}}}},"branchMap":{},"s":{"0":1,"1":0,"2":1},"f":{"0":0},"b":{},"_coverageSchema":"332fd63041d2c1bcb487cc26dd0d5f7d97098a6c","hash":"54b9dd66d67cc5fb4ff5024db2d04448d8eb1d74"}
,"/Users/josereyes/Dev/ReactNativeScratch/src/containers/Launch/LaunchView.js": {"path":"/Users/josereyes/Dev/ReactNativeScratch/src/containers/Launch/LaunchView.js","statementMap":{"0":{"start":{"line":23,"column":15},"end":{"line":28,"column":2}},"1":{"start":{"line":40,"column":4},"end":{"line":40,"column":37}},"2":{"start":{"line":43,"column":4},"end":{"line":47,"column":60}},"3":{"start":{"line":45,"column":18},"end":{"line":45,"column":48}},"4":{"start":{"line":47,"column":19},"end":{"line":47,"column":58}},"5":{"start":{"line":51,"column":4},"end":{"line":62,"column":11}}},"fnMap":{"0":{"name":"(anonymous_0)","decl":{"start":{"line":38,"column":22},"end":{"line":38,"column":23}},"loc":{"start":{"line":38,"column":28},"end":{"line":48,"column":3}}},"1":{"name":"(anonymous_1)","decl":{"start":{"line":45,"column":12},"end":{"line":45,"column":13}},"loc":{"start":{"line":45,"column":18},"end":{"line":45,"column":48}}},"2":{"name":"(anonymous_2)","decl":{"start":{"line":47,"column":13},"end":{"line":47,"column":14}},"loc":{"start":{"line":47,"column":19},"end":{"line":47,"column":58}}},"3":{"name":"(anonymous_3)","decl":{"start":{"line":50,"column":11},"end":{"line":50,"column":12}},"loc":{"start":{"line":51,"column":4},"end":{"line":62,"column":11}}}},"branchMap":{},"s":{"0":2,"1":1,"2":1,"3":1,"4":1,"5":1},"f":{"0":1,"1":1,"2":1,"3":1},"b":{},"_coverageSchema":"332fd63041d2c1bcb487cc26dd0d5f7d97098a6c","hash":"ffbf62a5198985e8f14b6cc248479faac8ee15f7"}
,"/Users/josereyes/Dev/ReactNativeScratch/src/containers/auth/AuthenticateView.js": {"path":"/Users/josereyes/Dev/ReactNativeScratch/src/containers/auth/AuthenticateView.js","statementMap":{"0":{"start":{"line":24,"column":15},"end":{"line":37,"column":2}},"1":{"start":{"line":44,"column":4},"end":{"line":98,"column":12}}},"fnMap":{"0":{"name":"(anonymous_0)","decl":{"start":{"line":43,"column":11},"end":{"line":43,"column":12}},"loc":{"start":{"line":44,"column":4},"end":{"line":98,"column":12}}}},"branchMap":{},"s":{"0":1,"1":1},"f":{"0":1},"b":{},"_coverageSchema":"332fd63041d2c1bcb487cc26dd0d5f7d97098a6c","hash":"d4bd49f29d50dd04fb079d260fcc9c4e36923068"}
,"/Users/josereyes/Dev/ReactNativeScratch/src/containers/auth/Login/LoginContainer.js": {"path":"/Users/josereyes/Dev/ReactNativeScratch/src/containers/auth/Login/LoginContainer.js","statementMap":{"0":{"start":{"line":16,"column":24},"end":{"line":18,"column":2}},"1":{"start":{"line":16,"column":34},"end":{"line":18,"column":1}},"2":{"start":{"line":21,"column":27},"end":{"line":23,"column":1}}},"fnMap":{"0":{"name":"(anonymous_0)","decl":{"start":{"line":16,"column":24},"end":{"line":16,"column":25}},"loc":{"start":{"line":16,"column":34},"end":{"line":18,"column":1}}}},"branchMap":{},"s":{"0":1,"1":0,"2":1},"f":{"0":0},"b":{},"_coverageSchema":"332fd63041d2c1bcb487cc26dd0d5f7d97098a6c","hash":"583011caab625491e4eb862983d91fa5d6009da7"}
,"/Users/josereyes/Dev/ReactNativeScratch/src/containers/auth/Login/LoginView.js": {"path":"/Users/josereyes/Dev/ReactNativeScratch/src/containers/auth/Login/LoginView.js","statementMap":{"0":{"start":{"line":32,"column":4},"end":{"line":32,"column":17}},"1":{"start":{"line":35,"column":23},"end":{"line":41,"column":5}},"2":{"start":{"line":37,"column":34},"end":{"line":37,"column":48}},"3":{"start":{"line":39,"column":8},"end":{"line":39,"column":45}},"4":{"start":{"line":44,"column":26},"end":{"line":49,"column":5}},"5":{"start":{"line":46,"column":8},"end":{"line":46,"column":46}},"6":{"start":{"line":46,"column":33},"end":{"line":46,"column":46}},"7":{"start":{"line":47,"column":8},"end":{"line":47,"column":20}},"8":{"start":{"line":51,"column":4},"end":{"line":80,"column":6}},"9":{"start":{"line":85,"column":19},"end":{"line":85,"column":64}},"10":{"start":{"line":86,"column":23},"end":{"line":86,"column":41}},"11":{"start":{"line":88,"column":4},"end":{"line":95,"column":5}},"12":{"start":{"line":89,"column":6},"end":{"line":94,"column":9}},"13":{"start":{"line":103,"column":24},"end":{"line":103,"column":44}},"14":{"start":{"line":106,"column":4},"end":{"line":131,"column":5}},"15":{"start":{"line":107,"column":6},"end":{"line":130,"column":9}},"16":{"start":{"line":108,"column":8},"end":{"line":108,"column":66}},"17":{"start":{"line":111,"column":8},"end":{"line":113,"column":9}},"18":{"start":{"line":112,"column":10},"end":{"line":112,"column":45}},"19":{"start":{"line":115,"column":8},"end":{"line":129,"column":11}},"20":{"start":{"line":119,"column":10},"end":{"line":125,"column":13}},"21":{"start":{"line":122,"column":12},"end":{"line":124,"column":21}},"22":{"start":{"line":123,"column":14},"end":{"line":123,"column":45}},"23":{"start":{"line":127,"column":24},"end":{"line":127,"column":47}},"24":{"start":{"line":128,"column":10},"end":{"line":128,"column":50}},"25":{"start":{"line":135,"column":17},"end":{"line":135,"column":41}},"26":{"start":{"line":137,"column":4},"end":{"line":183,"column":6}},"27":{"start":{"line":140,"column":22},"end":{"line":140,"column":42}},"28":{"start":{"line":152,"column":26},"end":{"line":152,"column":40}}},"fnMap":{"0":{"name":"(anonymous_0)","decl":{"start":{"line":31,"column":2},"end":{"line":31,"column":3}},"loc":{"start":{"line":31,"column":21},"end":{"line":81,"column":3}}},"1":{"name":"(anonymous_1)","decl":{"start":{"line":36,"column":29},"end":{"line":36,"column":30}},"loc":{"start":{"line":36,"column":40},"end":{"line":40,"column":7}}},"2":{"name":"(anonymous_2)","decl":{"start":{"line":45,"column":29},"end":{"line":45,"column":30}},"loc":{"start":{"line":45,"column":43},"end":{"line":48,"column":7}}},"3":{"name":"(anonymous_3)","decl":{"start":{"line":83,"column":22},"end":{"line":83,"column":23}},"loc":{"start":{"line":83,"column":34},"end":{"line":96,"column":3}}},"4":{"name":"(anonymous_4)","decl":{"start":{"line":101,"column":10},"end":{"line":101,"column":11}},"loc":{"start":{"line":101,"column":16},"end":{"line":132,"column":3}}},"5":{"name":"(anonymous_5)","decl":{"start":{"line":107,"column":50},"end":{"line":107,"column":51}},"loc":{"start":{"line":107,"column":56},"end":{"line":130,"column":7}}},"6":{"name":"(anonymous_6)","decl":{"start":{"line":118,"column":22},"end":{"line":118,"column":23}},"loc":{"start":{"line":118,"column":28},"end":{"line":126,"column":9}}},"7":{"name":"(anonymous_7)","decl":{"start":{"line":121,"column":13},"end":{"line":121,"column":14}},"loc":{"start":{"line":121,"column":19},"end":{"line":125,"column":11}}},"8":{"name":"(anonymous_8)","decl":{"start":{"line":122,"column":23},"end":{"line":122,"column":24}},"loc":{"start":{"line":122,"column":29},"end":{"line":124,"column":13}}},"9":{"name":"(anonymous_9)","decl":{"start":{"line":126,"column":17},"end":{"line":126,"column":18}},"loc":{"start":{"line":126,"column":26},"end":{"line":129,"column":9}}},"10":{"name":"(anonymous_10)","decl":{"start":{"line":134,"column":11},"end":{"line":134,"column":12}},"loc":{"start":{"line":134,"column":17},"end":{"line":184,"column":3}}},"11":{"name":"(anonymous_11)","decl":{"start":{"line":140,"column":13},"end":{"line":140,"column":14}},"loc":{"start":{"line":140,"column":20},"end":{"line":140,"column":44}}},"12":{"name":"(anonymous_12)","decl":{"start":{"line":152,"column":17},"end":{"line":152,"column":18}},"loc":{"start":{"line":152,"column":24},"end":{"line":152,"column":42}}}},"branchMap":{"0":{"loc":{"start":{"line":46,"column":8},"end":{"line":46,"column":46}},"type":"if","locations":[{"start":{"line":46,"column":8},"end":{"line":46,"column":46}},{"start":{"line":46,"column":8},"end":{"line":46,"column":46}}]},"1":{"loc":{"start":{"line":88,"column":4},"end":{"line":95,"column":5}},"type":"if","locations":[{"start":{"line":88,"column":4},"end":{"line":95,"column":5}},{"start":{"line":88,"column":4},"end":{"line":95,"column":5}}]},"2":{"loc":{"start":{"line":106,"column":4},"end":{"line":131,"column":5}},"type":"if","locations":[{"start":{"line":106,"column":4},"end":{"line":131,"column":5}},{"start":{"line":106,"column":4},"end":{"line":131,"column":5}}]},"3":{"loc":{"start":{"line":111,"column":8},"end":{"line":113,"column":9}},"type":"if","locations":[{"start":{"line":111,"column":8},"end":{"line":113,"column":9}},{"start":{"line":111,"column":8},"end":{"line":113,"column":9}}]}},"s":{"0":1,"1":1,"2":0,"3":0,"4":1,"5":0,"6":0,"7":0,"8":1,"9":1,"10":0,"11":0,"12":0,"13":0,"14":0,"15":0,"16":0,"17":0,"18":0,"19":0,"20":0,"21":0,"22":0,"23":0,"24":0,"25":1,"26":1,"27":1,"28":1},"f":{"0":1,"1":0,"2":0,"3":1,"4":0,"5":0,"6":0,"7":0,"8":0,"9":0,"10":1,"11":1,"12":1},"b":{"0":[0,0],"1":[0,0],"2":[0,0],"3":[0,0]},"_coverageSchema":"332fd63041d2c1bcb487cc26dd0d5f7d97098a6c","hash":"aca754e41dc7d82d0450c4d2141b2bc5c41d212a"}
,"/Users/josereyes/Dev/ReactNativeScratch/src/containers/recipes/RecipeView.js": {"path":"/Users/josereyes/Dev/ReactNativeScratch/src/containers/recipes/RecipeView.js","statementMap":{"0":{"start":{"line":23,"column":15},"end":{"line":30,"column":2}},"1":{"start":{"line":49,"column":19},"end":{"line":49,"column":21}},"2":{"start":{"line":50,"column":19},"end":{"line":50,"column":20}},"3":{"start":{"line":52,"column":4},"end":{"line":62,"column":7}},"4":{"start":{"line":53,"column":6},"end":{"line":60,"column":8}},"5":{"start":{"line":61,"column":6},"end":{"line":61,"column":20}},"6":{"start":{"line":64,"column":4},"end":{"line":64,"column":18}},"7":{"start":{"line":71,"column":19},"end":{"line":71,"column":21}},"8":{"start":{"line":72,"column":19},"end":{"line":72,"column":20}},"9":{"start":{"line":74,"column":4},"end":{"line":84,"column":7}},"10":{"start":{"line":75,"column":6},"end":{"line":82,"column":8}},"11":{"start":{"line":83,"column":6},"end":{"line":83,"column":20}},"12":{"start":{"line":86,"column":4},"end":{"line":86,"column":18}},"13":{"start":{"line":90,"column":36},"end":{"line":90,"column":53}},"14":{"start":{"line":91,"column":26},"end":{"line":91,"column":58}},"15":{"start":{"line":93,"column":4},"end":{"line":123,"column":6}}},"fnMap":{"0":{"name":"(anonymous_0)","decl":{"start":{"line":48,"column":22},"end":{"line":48,"column":23}},"loc":{"start":{"line":48,"column":39},"end":{"line":65,"column":3}}},"1":{"name":"(anonymous_1)","decl":{"start":{"line":52,"column":24},"end":{"line":52,"column":25}},"loc":{"start":{"line":52,"column":34},"end":{"line":62,"column":5}}},"2":{"name":"(anonymous_2)","decl":{"start":{"line":70,"column":17},"end":{"line":70,"column":18}},"loc":{"start":{"line":70,"column":30},"end":{"line":87,"column":3}}},"3":{"name":"(anonymous_3)","decl":{"start":{"line":74,"column":20},"end":{"line":74,"column":21}},"loc":{"start":{"line":74,"column":30},"end":{"line":84,"column":5}}},"4":{"name":"(anonymous_4)","decl":{"start":{"line":89,"column":11},"end":{"line":89,"column":12}},"loc":{"start":{"line":89,"column":17},"end":{"line":124,"column":3}}}},"branchMap":{"0":{"loc":{"start":{"line":95,"column":9},"end":{"line":99,"column":12}},"type":"binary-expr","locations":[{"start":{"line":95,"column":9},"end":{"line":95,"column":29}},{"start":{"line":96,"column":10},"end":{"line":99,"column":12}}]},"1":{"loc":{"start":{"line":107,"column":9},"end":{"line":112,"column":14}},"type":"cond-expr","locations":[{"start":{"line":108,"column":10},"end":{"line":111,"column":17}},{"start":{"line":112,"column":10},"end":{"line":112,"column":14}}]},"2":{"loc":{"start":{"line":114,"column":9},"end":{"line":119,"column":14}},"type":"cond-expr","locations":[{"start":{"line":115,"column":10},"end":{"line":118,"column":17}},{"start":{"line":119,"column":10},"end":{"line":119,"column":14}}]}},"s":{"0":1,"1":1,"2":1,"3":1,"4":2,"5":2,"6":1,"7":0,"8":0,"9":0,"10":0,"11":0,"12":0,"13":1,"14":1,"15":1},"f":{"0":1,"1":2,"2":0,"3":0,"4":1},"b":{"0":[1,1],"1":[1,0],"2":[0,1]},"_coverageSchema":"332fd63041d2c1bcb487cc26dd0d5f7d97098a6c","hash":"8533ee25c8f27d5919fed0c98774906aca507d2f"}
,"/Users/josereyes/Dev/ReactNativeScratch/src/containers/recipes/Browse/BrowseContainer.js": {"path":"/Users/josereyes/Dev/ReactNativeScratch/src/containers/recipes/Browse/BrowseContainer.js","statementMap":{"0":{"start":{"line":16,"column":24},"end":{"line":18,"column":2}},"1":{"start":{"line":16,"column":34},"end":{"line":18,"column":1}},"2":{"start":{"line":21,"column":27},"end":{"line":23,"column":1}}},"fnMap":{"0":{"name":"(anonymous_0)","decl":{"start":{"line":16,"column":24},"end":{"line":16,"column":25}},"loc":{"start":{"line":16,"column":34},"end":{"line":18,"column":1}}}},"branchMap":{},"s":{"0":1,"1":0,"2":1},"f":{"0":0},"b":{},"_coverageSchema":"332fd63041d2c1bcb487cc26dd0d5f7d97098a6c","hash":"672e07c18c57f6f7b98544f9e44daee0ea554374"}
,"/Users/josereyes/Dev/ReactNativeScratch/src/containers/recipes/Browse/BrowseView.js": {"path":"/Users/josereyes/Dev/ReactNativeScratch/src/containers/recipes/Browse/BrowseView.js","statementMap":{"0":{"start":{"line":29,"column":15},"end":{"line":43,"column":2}},"1":{"start":{"line":55,"column":4},"end":{"line":55,"column":17}},"2":{"start":{"line":57,"column":4},"end":{"line":60,"column":6}},"3":{"start":{"line":64,"column":4},"end":{"line":66,"column":7}},"4":{"start":{"line":65,"column":6},"end":{"line":65,"column":23}},"5":{"start":{"line":73,"column":19},"end":{"line":73,"column":21}},"6":{"start":{"line":74,"column":14},"end":{"line":74,"column":15}},"7":{"start":{"line":75,"column":4},"end":{"line":83,"column":7}},"8":{"start":{"line":76,"column":6},"end":{"line":80,"column":9}},"9":{"start":{"line":82,"column":6},"end":{"line":82,"column":15}},"10":{"start":{"line":85,"column":4},"end":{"line":94,"column":7}},"11":{"start":{"line":91,"column":6},"end":{"line":93,"column":9}},"12":{"start":{"line":102,"column":4},"end":{"line":115,"column":5}},"13":{"start":{"line":103,"column":6},"end":{"line":112,"column":11}},"14":{"start":{"line":105,"column":10},"end":{"line":105,"column":25}},"15":{"start":{"line":107,"column":24},"end":{"line":107,"column":47}},"16":{"start":{"line":108,"column":10},"end":{"line":111,"column":13}},"17":{"start":{"line":114,"column":6},"end":{"line":114,"column":21}},"18":{"start":{"line":122,"column":4},"end":{"line":124,"column":7}},"19":{"start":{"line":131,"column":4},"end":{"line":138,"column":6}},"20":{"start":{"line":136,"column":8},"end":{"line":136,"column":68}},"21":{"start":{"line":146,"column":4},"end":{"line":151,"column":5}},"22":{"start":{"line":150,"column":6},"end":{"line":150,"column":18}},"23":{"start":{"line":154,"column":4},"end":{"line":156,"column":5}},"24":{"start":{"line":155,"column":6},"end":{"line":155,"column":47}},"25":{"start":{"line":159,"column":4},"end":{"line":165,"column":6}},"26":{"start":{"line":169,"column":4},"end":{"line":169,"column":73}},"27":{"start":{"line":169,"column":54},"end":{"line":169,"column":73}},"28":{"start":{"line":170,"column":4},"end":{"line":170,"column":67}},"29":{"start":{"line":170,"column":26},"end":{"line":170,"column":67}},"30":{"start":{"line":172,"column":4},"end":{"line":180,"column":6}}},"fnMap":{"0":{"name":"(anonymous_0)","decl":{"start":{"line":54,"column":2},"end":{"line":54,"column":3}},"loc":{"start":{"line":54,"column":21},"end":{"line":61,"column":3}}},"1":{"name":"(anonymous_1)","decl":{"start":{"line":63,"column":22},"end":{"line":63,"column":23}},"loc":{"start":{"line":63,"column":28},"end":{"line":67,"column":3}}},"2":{"name":"(anonymous_2)","decl":{"start":{"line":64,"column":44},"end":{"line":64,"column":45}},"loc":{"start":{"line":64,"column":50},"end":{"line":66,"column":5}}},"3":{"name":"(anonymous_3)","decl":{"start":{"line":72,"column":12},"end":{"line":72,"column":13}},"loc":{"start":{"line":72,"column":18},"end":{"line":95,"column":3}}},"4":{"name":"(anonymous_4)","decl":{"start":{"line":75,"column":29},"end":{"line":75,"column":30}},"loc":{"start":{"line":75,"column":39},"end":{"line":83,"column":5}}},"5":{"name":"(anonymous_5)","decl":{"start":{"line":90,"column":7},"end":{"line":90,"column":8}},"loc":{"start":{"line":90,"column":13},"end":{"line":94,"column":5}}},"6":{"name":"(anonymous_6)","decl":{"start":{"line":100,"column":14},"end":{"line":100,"column":15}},"loc":{"start":{"line":100,"column":20},"end":{"line":116,"column":3}}},"7":{"name":"(anonymous_7)","decl":{"start":{"line":104,"column":14},"end":{"line":104,"column":15}},"loc":{"start":{"line":104,"column":20},"end":{"line":106,"column":9}}},"8":{"name":"(anonymous_8)","decl":{"start":{"line":106,"column":17},"end":{"line":106,"column":18}},"loc":{"start":{"line":106,"column":26},"end":{"line":112,"column":9}}},"9":{"name":"(anonymous_9)","decl":{"start":{"line":121,"column":20},"end":{"line":121,"column":21}},"loc":{"start":{"line":121,"column":31},"end":{"line":125,"column":3}}},"10":{"name":"(anonymous_10)","decl":{"start":{"line":130,"column":17},"end":{"line":130,"column":18}},"loc":{"start":{"line":131,"column":4},"end":{"line":138,"column":6}}},"11":{"name":"(anonymous_11)","decl":{"start":{"line":135,"column":19},"end":{"line":135,"column":20}},"loc":{"start":{"line":136,"column":8},"end":{"line":136,"column":68}}},"12":{"name":"(anonymous_12)","decl":{"start":{"line":144,"column":16},"end":{"line":144,"column":17}},"loc":{"start":{"line":144,"column":31},"end":{"line":166,"column":3}}},"13":{"name":"(anonymous_13)","decl":{"start":{"line":168,"column":11},"end":{"line":168,"column":12}},"loc":{"start":{"line":168,"column":17},"end":{"line":181,"column":3}}}},"branchMap":{"0":{"loc":{"start":{"line":102,"column":4},"end":{"line":115,"column":5}},"type":"if","locations":[{"start":{"line":102,"column":4},"end":{"line":115,"column":5}},{"start":{"line":102,"column":4},"end":{"line":115,"column":5}}]},"1":{"loc":{"start":{"line":102,"column":8},"end":{"line":102,"column":56}},"type":"binary-expr","locations":[{"start":{"line":102,"column":8},"end":{"line":102,"column":25}},{"start":{"line":102,"column":29},"end":{"line":102,"column":56}}]},"2":{"loc":{"start":{"line":146,"column":4},"end":{"line":151,"column":5}},"type":"if","locations":[{"start":{"line":146,"column":4},"end":{"line":151,"column":5}},{"start":{"line":146,"column":4},"end":{"line":151,"column":5}}]},"3":{"loc":{"start":{"line":147,"column":6},"end":{"line":148,"column":53}},"type":"binary-expr","locations":[{"start":{"line":147,"column":6},"end":{"line":147,"column":73}},{"start":{"line":148,"column":6},"end":{"line":148,"column":53}}]},"4":{"loc":{"start":{"line":154,"column":4},"end":{"line":156,"column":5}},"type":"if","locations":[{"start":{"line":154,"column":4},"end":{"line":156,"column":5}},{"start":{"line":154,"column":4},"end":{"line":156,"column":5}}]},"5":{"loc":{"start":{"line":169,"column":4},"end":{"line":169,"column":73}},"type":"if","locations":[{"start":{"line":169,"column":4},"end":{"line":169,"column":73}},{"start":{"line":169,"column":4},"end":{"line":169,"column":73}}]},"6":{"loc":{"start":{"line":169,"column":8},"end":{"line":169,"column":52}},"type":"binary-expr","locations":[{"start":{"line":169,"column":8},"end":{"line":169,"column":26}},{"start":{"line":169,"column":30},"end":{"line":169,"column":52}}]},"7":{"loc":{"start":{"line":170,"column":4},"end":{"line":170,"column":67}},"type":"if","locations":[{"start":{"line":170,"column":4},"end":{"line":170,"column":67}},{"start":{"line":170,"column":4},"end":{"line":170,"column":67}}]}},"s":{"0":2,"1":1,"2":1,"3":1,"4":0,"5":0,"6":0,"7":0,"8":0,"9":0,"10":0,"11":0,"12":0,"13":0,"14":0,"15":0,"16":0,"17":0,"18":0,"19":0,"20":0,"21":0,"22":0,"23":0,"24":0,"25":0,"26":1,"27":1,"28":0,"29":0,"30":0},"f":{"0":1,"1":1,"2":0,"3":0,"4":0,"5":0,"6":0,"7":0,"8":0,"9":0,"10":0,"11":0,"12":0,"13":1},"b":{"0":[0,0],"1":[0,0],"2":[0,0],"3":[0,0],"4":[0,0],"5":[1,0],"6":[1,0],"7":[0,0]},"_coverageSchema":"332fd63041d2c1bcb487cc26dd0d5f7d97098a6c","hash":"34fd68f1432ddcdabc9decafbb862112b8d4c9d6"}
,"/Users/josereyes/Dev/ReactNativeScratch/src/containers/recipes/Card/CardContainer.js": {"path":"/Users/josereyes/Dev/ReactNativeScratch/src/containers/recipes/Card/CardContainer.js","statementMap":{"0":{"start":{"line":22,"column":24},"end":{"line":24,"column":2}},"1":{"start":{"line":22,"column":34},"end":{"line":24,"column":1}},"2":{"start":{"line":27,"column":27},"end":{"line":29,"column":1}},"3":{"start":{"line":51,"column":4},"end":{"line":51,"column":17}},"4":{"start":{"line":53,"column":19},"end":{"line":53,"column":53}},"5":{"start":{"line":54,"column":4},"end":{"line":56,"column":6}},"6":{"start":{"line":60,"column":4},"end":{"line":63,"column":5}},"7":{"start":{"line":61,"column":21},"end":{"line":61,"column":55}},"8":{"start":{"line":62,"column":6},"end":{"line":62,"column":32}},"9":{"start":{"line":70,"column":4},"end":{"line":73,"column":7}},"10":{"start":{"line":80,"column":21},"end":{"line":80,"column":41}},"11":{"start":{"line":82,"column":4},"end":{"line":102,"column":5}},"12":{"start":{"line":83,"column":19},"end":{"line":88,"column":14}},"13":{"start":{"line":93,"column":21},"end":{"line":93,"column":39}},"14":{"start":{"line":96,"column":6},"end":{"line":98,"column":46}},"15":{"start":{"line":96,"column":18},"end":{"line":96,"column":41}},"16":{"start":{"line":98,"column":11},"end":{"line":98,"column":46}},"17":{"start":{"line":101,"column":6},"end":{"line":101,"column":75}},"18":{"start":{"line":109,"column":19},"end":{"line":109,"column":23}},"19":{"start":{"line":110,"column":31},"end":{"line":110,"column":35}},"20":{"start":{"line":111,"column":24},"end":{"line":111,"column":50}},"21":{"start":{"line":112,"column":4},"end":{"line":112,"column":64}},"22":{"start":{"line":115,"column":4},"end":{"line":115,"column":68}},"23":{"start":{"line":116,"column":4},"end":{"line":116,"column":59}},"24":{"start":{"line":117,"column":20},"end":{"line":117,"column":60}},"25":{"start":{"line":120,"column":4},"end":{"line":127,"column":61}},"26":{"start":{"line":129,"column":4},"end":{"line":133,"column":6}},"27":{"start":{"line":140,"column":29},"end":{"line":140,"column":39}},"28":{"start":{"line":142,"column":4},"end":{"line":157,"column":5}},"29":{"start":{"line":143,"column":6},"end":{"line":156,"column":7}},"30":{"start":{"line":144,"column":25},"end":{"line":144,"column":34}},"31":{"start":{"line":145,"column":21},"end":{"line":145,"column":47}},"32":{"start":{"line":148,"column":21},"end":{"line":148,"column":26}},"33":{"start":{"line":149,"column":8},"end":{"line":153,"column":11}},"34":{"start":{"line":150,"column":10},"end":{"line":152,"column":11}},"35":{"start":{"line":151,"column":12},"end":{"line":151,"column":25}},"36":{"start":{"line":155,"column":8},"end":{"line":155,"column":22}},"37":{"start":{"line":159,"column":4},"end":{"line":159,"column":17}},"38":{"start":{"line":163,"column":23},"end":{"line":163,"column":33}},"39":{"start":{"line":164,"column":21},"end":{"line":164,"column":31}},"40":{"start":{"line":166,"column":4},"end":{"line":175,"column":6}}},"fnMap":{"0":{"name":"(anonymous_0)","decl":{"start":{"line":22,"column":24},"end":{"line":22,"column":25}},"loc":{"start":{"line":22,"column":34},"end":{"line":24,"column":1}}},"1":{"name":"(anonymous_1)","decl":{"start":{"line":50,"column":2},"end":{"line":50,"column":3}},"loc":{"start":{"line":50,"column":21},"end":{"line":57,"column":3}}},"2":{"name":"(anonymous_2)","decl":{"start":{"line":59,"column":2},"end":{"line":59,"column":3}},"loc":{"start":{"line":59,"column":35},"end":{"line":64,"column":3}}},"3":{"name":"(anonymous_3)","decl":{"start":{"line":69,"column":16},"end":{"line":69,"column":17}},"loc":{"start":{"line":69,"column":22},"end":{"line":74,"column":3}}},"4":{"name":"(anonymous_4)","decl":{"start":{"line":79,"column":21},"end":{"line":79,"column":22}},"loc":{"start":{"line":79,"column":27},"end":{"line":103,"column":3}}},"5":{"name":"(anonymous_5)","decl":{"start":{"line":108,"column":20},"end":{"line":108,"column":21}},"loc":{"start":{"line":108,"column":30},"end":{"line":134,"column":3}}},"6":{"name":"(anonymous_6)","decl":{"start":{"line":139,"column":16},"end":{"line":139,"column":17}},"loc":{"start":{"line":139,"column":22},"end":{"line":160,"column":3}}},"7":{"name":"(anonymous_7)","decl":{"start":{"line":149,"column":21},"end":{"line":149,"column":22}},"loc":{"start":{"line":149,"column":35},"end":{"line":153,"column":9}}},"8":{"name":"(anonymous_8)","decl":{"start":{"line":162,"column":11},"end":{"line":162,"column":12}},"loc":{"start":{"line":162,"column":17},"end":{"line":176,"column":3}}}},"branchMap":{"0":{"loc":{"start":{"line":60,"column":4},"end":{"line":63,"column":5}},"type":"if","locations":[{"start":{"line":60,"column":4},"end":{"line":63,"column":5}},{"start":{"line":60,"column":4},"end":{"line":63,"column":5}}]},"1":{"loc":{"start":{"line":82,"column":4},"end":{"line":102,"column":5}},"type":"if","locations":[{"start":{"line":82,"column":4},"end":{"line":102,"column":5}},{"start":{"line":82,"column":4},"end":{"line":102,"column":5}}]},"2":{"loc":{"start":{"line":82,"column":8},"end":{"line":82,"column":47}},"type":"binary-expr","locations":[{"start":{"line":82,"column":8},"end":{"line":82,"column":16}},{"start":{"line":82,"column":20},"end":{"line":82,"column":47}}]},"3":{"loc":{"start":{"line":83,"column":19},"end":{"line":88,"column":14}},"type":"cond-expr","locations":[{"start":{"line":87,"column":10},"end":{"line":87,"column":47}},{"start":{"line":88,"column":10},"end":{"line":88,"column":14}}]},"4":{"loc":{"start":{"line":84,"column":8},"end":{"line":85,"column":45}},"type":"binary-expr","locations":[{"start":{"line":84,"column":8},"end":{"line":84,"column":23}},{"start":{"line":84,"column":27},"end":{"line":84,"column":46}},{"start":{"line":85,"column":8},"end":{"line":85,"column":45}}]},"5":{"loc":{"start":{"line":96,"column":6},"end":{"line":98,"column":46}},"type":"if","locations":[{"start":{"line":96,"column":6},"end":{"line":98,"column":46}},{"start":{"line":96,"column":6},"end":{"line":98,"column":46}}]},"6":{"loc":{"start":{"line":120,"column":28},"end":{"line":127,"column":60}},"type":"cond-expr","locations":[{"start":{"line":127,"column":6},"end":{"line":127,"column":55}},{"start":{"line":127,"column":58},"end":{"line":127,"column":60}}]},"7":{"loc":{"start":{"line":121,"column":6},"end":{"line":125,"column":55}},"type":"binary-expr","locations":[{"start":{"line":121,"column":6},"end":{"line":121,"column":17}},{"start":{"line":122,"column":6},"end":{"line":122,"column":31}},{"start":{"line":123,"column":6},"end":{"line":123,"column":37}},{"start":{"line":124,"column":6},"end":{"line":124,"column":44}},{"start":{"line":125,"column":6},"end":{"line":125,"column":55}}]},"8":{"loc":{"start":{"line":142,"column":4},"end":{"line":157,"column":5}},"type":"if","locations":[{"start":{"line":142,"column":4},"end":{"line":157,"column":5}},{"start":{"line":142,"column":4},"end":{"line":157,"column":5}}]},"9":{"loc":{"start":{"line":142,"column":8},"end":{"line":142,"column":27}},"type":"binary-expr","locations":[{"start":{"line":142,"column":8},"end":{"line":142,"column":14}},{"start":{"line":142,"column":18},"end":{"line":142,"column":27}}]},"10":{"loc":{"start":{"line":143,"column":6},"end":{"line":156,"column":7}},"type":"if","locations":[{"start":{"line":143,"column":6},"end":{"line":156,"column":7}},{"start":{"line":143,"column":6},"end":{"line":156,"column":7}}]},"11":{"loc":{"start":{"line":143,"column":10},"end":{"line":143,"column":56}},"type":"binary-expr","locations":[{"start":{"line":143,"column":10},"end":{"line":143,"column":14}},{"start":{"line":143,"column":18},"end":{"line":143,"column":26}},{"start":{"line":143,"column":30},"end":{"line":143,"column":56}}]},"12":{"loc":{"start":{"line":150,"column":10},"end":{"line":152,"column":11}},"type":"if","locations":[{"start":{"line":150,"column":10},"end":{"line":152,"column":11}},{"start":{"line":150,"column":10},"end":{"line":152,"column":11}}]},"13":{"loc":{"start":{"line":172,"column":26},"end":{"line":172,"column":74}},"type":"cond-expr","locations":[{"start":{"line":172,"column":46},"end":{"line":172,"column":67}},{"start":{"line":172,"column":70},"end":{"line":172,"column":74}}]},"14":{"loc":{"start":{"line":172,"column":27},"end":{"line":172,"column":42}},"type":"binary-expr","locations":[{"start":{"line":172,"column":27},"end":{"line":172,"column":31}},{"start":{"line":172,"column":35},"end":{"line":172,"column":42}}]},"15":{"loc":{"start":{"line":173,"column":21},"end":{"line":173,"column":68}},"type":"binary-expr","locations":[{"start":{"line":173,"column":22},"end":{"line":173,"column":26}},{"start":{"line":173,"column":30},"end":{"line":173,"column":37}},{"start":{"line":173,"column":41},"end":{"line":173,"column":59}},{"start":{"line":173,"column":64},"end":{"line":173,"column":68}}]}},"s":{"0":5,"1":0,"2":5,"3":0,"4":0,"5":0,"6":0,"7":0,"8":0,"9":0,"10":0,"11":0,"12":0,"13":0,"14":0,"15":0,"16":0,"17":0,"18":0,"19":0,"20":0,"21":0,"22":0,"23":0,"24":0,"25":0,"26":0,"27":0,"28":0,"29":0,"30":0,"31":0,"32":0,"33":0,"34":0,"35":0,"36":0,"37":0,"38":0,"39":0,"40":0},"f":{"0":0,"1":0,"2":0,"3":0,"4":0,"5":0,"6":0,"7":0,"8":0},"b":{"0":[0,0],"1":[0,0],"2":[0,0],"3":[0,0],"4":[0,0,0],"5":[0,0],"6":[0,0],"7":[0,0,0,0,0],"8":[0,0],"9":[0,0],"10":[0,0],"11":[0,0,0],"12":[0,0],"13":[0,0],"14":[0,0],"15":[0,0,0,0]},"_coverageSchema":"332fd63041d2c1bcb487cc26dd0d5f7d97098a6c","hash":"d57eddabe035538c686a74a247c24c6fee8ac2cd"}
,"/Users/josereyes/Dev/ReactNativeScratch/src/containers/recipes/Card/CardView.js": {"path":"/Users/josereyes/Dev/ReactNativeScratch/src/containers/recipes/Card/CardView.js","statementMap":{"0":{"start":{"line":23,"column":15},"end":{"line":29,"column":2}},"1":{"start":{"line":45,"column":78},"end":{"line":45,"column":88}},"2":{"start":{"line":47,"column":4},"end":{"line":73,"column":6}}},"fnMap":{"0":{"name":"(anonymous_0)","decl":{"start":{"line":44,"column":11},"end":{"line":44,"column":12}},"loc":{"start":{"line":44,"column":17},"end":{"line":74,"column":3}}}},"branchMap":{"0":{"loc":{"start":{"line":49,"column":21},"end":{"line":49,"column":44}},"type":"binary-expr","locations":[{"start":{"line":49,"column":21},"end":{"line":49,"column":26}},{"start":{"line":49,"column":30},"end":{"line":49,"column":44}}]},"1":{"loc":{"start":{"line":54,"column":13},"end":{"line":68,"column":33}},"type":"binary-expr","locations":[{"start":{"line":54,"column":13},"end":{"line":54,"column":31}},{"start":{"line":55,"column":14},"end":{"line":68,"column":33}}]},"2":{"loc":{"start":{"line":63,"column":25},"end":{"line":63,"column":60}},"type":"cond-expr","locations":[{"start":{"line":63,"column":39},"end":{"line":63,"column":48}},{"start":{"line":63,"column":51},"end":{"line":63,"column":60}}]},"3":{"loc":{"start":{"line":65,"column":37},"end":{"line":65,"column":72}},"type":"cond-expr","locations":[{"start":{"line":65,"column":51},"end":{"line":65,"column":60}},{"start":{"line":65,"column":63},"end":{"line":65,"column":72}}]}},"s":{"0":6,"1":1,"2":1},"f":{"0":1},"b":{"0":[1,1],"1":[1,0],"2":[0,0],"3":[0,0]},"_coverageSchema":"332fd63041d2c1bcb487cc26dd0d5f7d97098a6c","hash":"4b34e9807241655aad787b1d97e77417a773a9ad"}
,"/Users/josereyes/Dev/ReactNativeScratch/src/containers/recipes/Listing/ListingContainer.js": {"path":"/Users/josereyes/Dev/ReactNativeScratch/src/containers/recipes/Listing/ListingContainer.js","statementMap":{"0":{"start":{"line":24,"column":24},"end":{"line":25,"column":2}},"1":{"start":{"line":24,"column":31},"end":{"line":25,"column":1}},"2":{"start":{"line":28,"column":27},"end":{"line":29,"column":1}},"3":{"start":{"line":40,"column":4},"end":{"line":40,"column":12}},"4":{"start":{"line":42,"column":4},"end":{"line":46,"column":6}},"5":{"start":{"line":50,"column":4},"end":{"line":50,"column":24}},"6":{"start":{"line":57,"column":21},"end":{"line":57,"column":31}},"7":{"start":{"line":60,"column":4},"end":{"line":64,"column":5}},"8":{"start":{"line":61,"column":6},"end":{"line":63,"column":9}},"9":{"start":{"line":66,"column":4},"end":{"line":81,"column":9}},"10":{"start":{"line":68,"column":8},"end":{"line":72,"column":11}},"11":{"start":{"line":74,"column":22},"end":{"line":74,"column":45}},"12":{"start":{"line":76,"column":8},"end":{"line":80,"column":11}},"13":{"start":{"line":85,"column":40},"end":{"line":85,"column":50}},"14":{"start":{"line":87,"column":4},"end":{"line":87,"column":36}},"15":{"start":{"line":87,"column":17},"end":{"line":87,"column":36}},"16":{"start":{"line":88,"column":4},"end":{"line":88,"column":45}},"17":{"start":{"line":88,"column":15},"end":{"line":88,"column":45}},"18":{"start":{"line":90,"column":4},"end":{"line":95,"column":6}}},"fnMap":{"0":{"name":"(anonymous_0)","decl":{"start":{"line":24,"column":24},"end":{"line":24,"column":25}},"loc":{"start":{"line":24,"column":31},"end":{"line":25,"column":1}}},"1":{"name":"(anonymous_1)","decl":{"start":{"line":39,"column":2},"end":{"line":39,"column":3}},"loc":{"start":{"line":39,"column":16},"end":{"line":47,"column":3}}},"2":{"name":"(anonymous_2)","decl":{"start":{"line":49,"column":22},"end":{"line":49,"column":23}},"loc":{"start":{"line":49,"column":28},"end":{"line":51,"column":3}}},"3":{"name":"(anonymous_3)","decl":{"start":{"line":56,"column":17},"end":{"line":56,"column":18}},"loc":{"start":{"line":56,"column":23},"end":{"line":82,"column":3}}},"4":{"name":"(anonymous_4)","decl":{"start":{"line":67,"column":12},"end":{"line":67,"column":13}},"loc":{"start":{"line":67,"column":21},"end":{"line":73,"column":7}}},"5":{"name":"(anonymous_5)","decl":{"start":{"line":73,"column":15},"end":{"line":73,"column":16}},"loc":{"start":{"line":73,"column":24},"end":{"line":81,"column":7}}},"6":{"name":"(anonymous_6)","decl":{"start":{"line":84,"column":11},"end":{"line":84,"column":12}},"loc":{"start":{"line":84,"column":17},"end":{"line":96,"column":3}}}},"branchMap":{"0":{"loc":{"start":{"line":60,"column":4},"end":{"line":64,"column":5}},"type":"if","locations":[{"start":{"line":60,"column":4},"end":{"line":64,"column":5}},{"start":{"line":60,"column":4},"end":{"line":64,"column":5}}]},"1":{"loc":{"start":{"line":87,"column":4},"end":{"line":87,"column":36}},"type":"if","locations":[{"start":{"line":87,"column":4},"end":{"line":87,"column":36}},{"start":{"line":87,"column":4},"end":{"line":87,"column":36}}]},"2":{"loc":{"start":{"line":88,"column":4},"end":{"line":88,"column":45}},"type":"if","locations":[{"start":{"line":88,"column":4},"end":{"line":88,"column":45}},{"start":{"line":88,"column":4},"end":{"line":88,"column":45}}]}},"s":{"0":3,"1":0,"2":3,"3":0,"4":0,"5":0,"6":0,"7":0,"8":0,"9":0,"10":0,"11":0,"12":0,"13":0,"14":0,"15":0,"16":0,"17":0,"18":0},"f":{"0":0,"1":0,"2":0,"3":0,"4":0,"5":0,"6":0},"b":{"0":[0,0],"1":[0,0],"2":[0,0]},"_coverageSchema":"332fd63041d2c1bcb487cc26dd0d5f7d97098a6c","hash":"f75eee027e475d873c7e90e8de7f1dd0189351b7"}
,"/Users/josereyes/Dev/ReactNativeScratch/src/containers/recipes/Listing/ListingView.js": {"path":"/Users/josereyes/Dev/ReactNativeScratch/src/containers/recipes/Listing/ListingView.js","statementMap":{"0":{"start":{"line":35,"column":4},"end":{"line":35,"column":12}},"1":{"start":{"line":37,"column":4},"end":{"line":42,"column":6}},"2":{"start":{"line":40,"column":39},"end":{"line":40,"column":52}},"3":{"start":{"line":46,"column":4},"end":{"line":49,"column":7}},"4":{"start":{"line":56,"column":4},"end":{"line":63,"column":5}},"5":{"start":{"line":57,"column":6},"end":{"line":57,"column":44}},"6":{"start":{"line":59,"column":6},"end":{"line":62,"column":11}},"7":{"start":{"line":61,"column":10},"end":{"line":61,"column":49}},"8":{"start":{"line":67,"column":24},"end":{"line":67,"column":34}},"9":{"start":{"line":68,"column":41},"end":{"line":68,"column":51}},"10":{"start":{"line":70,"column":4},"end":{"line":72,"column":5}},"11":{"start":{"line":71,"column":6},"end":{"line":71,"column":54}},"12":{"start":{"line":74,"column":4},"end":{"line":92,"column":6}},"13":{"start":{"line":78,"column":31},"end":{"line":78,"column":61}}},"fnMap":{"0":{"name":"(anonymous_0)","decl":{"start":{"line":34,"column":2},"end":{"line":34,"column":3}},"loc":{"start":{"line":34,"column":16},"end":{"line":43,"column":3}}},"1":{"name":"(anonymous_1)","decl":{"start":{"line":40,"column":23},"end":{"line":40,"column":24}},"loc":{"start":{"line":40,"column":39},"end":{"line":40,"column":52}}},"2":{"name":"(anonymous_2)","decl":{"start":{"line":45,"column":2},"end":{"line":45,"column":3}},"loc":{"start":{"line":45,"column":35},"end":{"line":50,"column":3}}},"3":{"name":"(anonymous_3)","decl":{"start":{"line":55,"column":12},"end":{"line":55,"column":13}},"loc":{"start":{"line":55,"column":18},"end":{"line":64,"column":3}}},"4":{"name":"(anonymous_4)","decl":{"start":{"line":60,"column":14},"end":{"line":60,"column":15}},"loc":{"start":{"line":60,"column":20},"end":{"line":62,"column":9}}},"5":{"name":"(anonymous_5)","decl":{"start":{"line":66,"column":11},"end":{"line":66,"column":12}},"loc":{"start":{"line":66,"column":17},"end":{"line":93,"column":3}}},"6":{"name":"(anonymous_6)","decl":{"start":{"line":78,"column":21},"end":{"line":78,"column":22}},"loc":{"start":{"line":78,"column":31},"end":{"line":78,"column":61}}}},"branchMap":{"0":{"loc":{"start":{"line":56,"column":4},"end":{"line":63,"column":5}},"type":"if","locations":[{"start":{"line":56,"column":4},"end":{"line":63,"column":5}},{"start":{"line":56,"column":4},"end":{"line":63,"column":5}}]},"1":{"loc":{"start":{"line":70,"column":4},"end":{"line":72,"column":5}},"type":"if","locations":[{"start":{"line":70,"column":4},"end":{"line":72,"column":5}},{"start":{"line":70,"column":4},"end":{"line":72,"column":5}}]},"2":{"loc":{"start":{"line":70,"column":8},"end":{"line":70,"column":57}},"type":"binary-expr","locations":[{"start":{"line":70,"column":8},"end":{"line":70,"column":21}},{"start":{"line":70,"column":26},"end":{"line":70,"column":34}},{"start":{"line":70,"column":38},"end":{"line":70,"column":56}}]},"3":{"loc":{"start":{"line":82,"column":12},"end":{"line":88,"column":18}},"type":"cond-expr","locations":[{"start":{"line":83,"column":14},"end":{"line":87,"column":16}},{"start":{"line":88,"column":14},"end":{"line":88,"column":18}}]}},"s":{"0":1,"1":1,"2":0,"3":0,"4":0,"5":0,"6":0,"7":0,"8":1,"9":1,"10":1,"11":0,"12":1,"13":0},"f":{"0":1,"1":0,"2":0,"3":0,"4":0,"5":1,"6":0},"b":{"0":[0,0],"1":[0,1],"2":[1,0,0],"3":[1,0]},"_coverageSchema":"332fd63041d2c1bcb487cc26dd0d5f7d97098a6c","hash":"076b00bef6b4b0d1e30893c0d993d09864896a4c"}
,"/Users/josereyes/Dev/ReactNativeScratch/src/lib/api.js": {"path":"/Users/josereyes/Dev/ReactNativeScratch/src/lib/api.js","statementMap":{"0":{"start":{"line":18,"column":14},"end":{"line":18,"column":23}},"1":{"start":{"line":21,"column":17},"end":{"line":21,"column":35}},"2":{"start":{"line":22,"column":18},"end":{"line":22,"column":37}},"3":{"start":{"line":25,"column":0},"end":{"line":33,"column":1}},"4":{"start":{"line":27,"column":2},"end":{"line":30,"column":34}},"5":{"start":{"line":32,"column":2},"end":{"line":32,"column":38}},"6":{"start":{"line":36,"column":19},"end":{"line":36,"column":32}},"7":{"start":{"line":39,"column":21},"end":{"line":39,"column":22}},"8":{"start":{"line":47,"column":2},"end":{"line":55,"column":3}},"9":{"start":{"line":48,"column":4},"end":{"line":50,"column":5}},"10":{"start":{"line":49,"column":6},"end":{"line":49,"column":69}},"11":{"start":{"line":51,"column":4},"end":{"line":54,"column":5}},"12":{"start":{"line":52,"column":6},"end":{"line":52,"column":23}},"13":{"start":{"line":53,"column":6},"end":{"line":53,"column":43}},"14":{"start":{"line":62,"column":14},"end":{"line":62,"column":16}},"15":{"start":{"line":63,"column":2},"end":{"line":64,"column":51}},"16":{"start":{"line":63,"column":31},"end":{"line":63,"column":43}},"17":{"start":{"line":64,"column":7},"end":{"line":64,"column":51}},"18":{"start":{"line":64,"column":31},"end":{"line":64,"column":51}},"19":{"start":{"line":66,"column":2},"end":{"line":66,"column":44}},"20":{"start":{"line":66,"column":14},"end":{"line":66,"column":44}},"21":{"start":{"line":67,"column":2},"end":{"line":67,"column":15}},"22":{"start":{"line":77,"column":14},"end":{"line":77,"column":16}},"23":{"start":{"line":79,"column":2},"end":{"line":86,"column":5}},"24":{"start":{"line":80,"column":14},"end":{"line":80,"column":44}},"25":{"start":{"line":81,"column":14},"end":{"line":81,"column":20}},"26":{"start":{"line":83,"column":4},"end":{"line":85,"column":59}},"27":{"start":{"line":88,"column":2},"end":{"line":88,"column":23}},"28":{"start":{"line":95,"column":2},"end":{"line":205,"column":5}},"29":{"start":{"line":96,"column":4},"end":{"line":96,"column":24}},"30":{"start":{"line":97,"column":23},"end":{"line":97,"column":37}},"31":{"start":{"line":100,"column":25},"end":{"line":100,"column":26}},"32":{"start":{"line":101,"column":24},"end":{"line":103,"column":27}},"33":{"start":{"line":102,"column":6},"end":{"line":102,"column":35}},"34":{"start":{"line":105,"column":4},"end":{"line":105,"column":80}},"35":{"start":{"line":105,"column":30},"end":{"line":105,"column":80}},"36":{"start":{"line":108,"column":16},"end":{"line":115,"column":5}},"37":{"start":{"line":119,"column":4},"end":{"line":124,"column":5}},"38":{"start":{"line":120,"column":23},"end":{"line":120,"column":51}},"39":{"start":{"line":121,"column":6},"end":{"line":123,"column":7}},"40":{"start":{"line":122,"column":8},"end":{"line":122,"column":57}},"41":{"start":{"line":127,"column":20},"end":{"line":127,"column":22}},"42":{"start":{"line":128,"column":4},"end":{"line":150,"column":5}},"43":{"start":{"line":130,"column":6},"end":{"line":149,"column":7}},"44":{"start":{"line":132,"column":8},"end":{"line":137,"column":9}},"45":{"start":{"line":133,"column":10},"end":{"line":136,"column":11}},"46":{"start":{"line":134,"column":12},"end":{"line":134,"column":40}},"47":{"start":{"line":135,"column":12},"end":{"line":135,"column":29}},"48":{"start":{"line":140,"column":8},"end":{"line":140,"column":44}},"49":{"start":{"line":143,"column":13},"end":{"line":149,"column":7}},"50":{"start":{"line":144,"column":8},"end":{"line":144,"column":33}},"51":{"start":{"line":148,"column":8},"end":{"line":148,"column":97}},"52":{"start":{"line":153,"column":4},"end":{"line":153,"column":46}},"53":{"start":{"line":153,"column":14},"end":{"line":153,"column":46}},"54":{"start":{"line":155,"column":20},"end":{"line":155,"column":51}},"55":{"start":{"line":157,"column":4},"end":{"line":157,"column":58}},"56":{"start":{"line":160,"column":4},"end":{"line":204,"column":9}},"57":{"start":{"line":163,"column":8},"end":{"line":163,"column":34}},"58":{"start":{"line":165,"column":22},"end":{"line":165,"column":24}},"59":{"start":{"line":167,"column":8},"end":{"line":172,"column":9}},"60":{"start":{"line":168,"column":10},"end":{"line":168,"column":40}},"61":{"start":{"line":170,"column":22},"end":{"line":170,"column":60}},"62":{"start":{"line":171,"column":10},"end":{"line":171,"column":20}},"63":{"start":{"line":175,"column":8},"end":{"line":175,"column":64}},"64":{"start":{"line":175,"column":47},"end":{"line":175,"column":62}},"65":{"start":{"line":176,"column":8},"end":{"line":176,"column":22}},"66":{"start":{"line":179,"column":8},"end":{"line":179,"column":66}},"67":{"start":{"line":180,"column":8},"end":{"line":180,"column":28}},"68":{"start":{"line":184,"column":8},"end":{"line":184,"column":34}},"69":{"start":{"line":186,"column":31},"end":{"line":186,"column":93}},"70":{"start":{"line":189,"column":8},"end":{"line":200,"column":9}},"71":{"start":{"line":197,"column":10},"end":{"line":199,"column":43}},"72":{"start":{"line":198,"column":26},"end":{"line":198,"column":66}},"73":{"start":{"line":199,"column":28},"end":{"line":199,"column":41}},"74":{"start":{"line":202,"column":8},"end":{"line":202,"column":52}},"75":{"start":{"line":203,"column":8},"end":{"line":203,"column":27}},"76":{"start":{"line":213,"column":15},"end":{"line":217,"column":1}},"77":{"start":{"line":219,"column":0},"end":{"line":227,"column":3}},"78":{"start":{"line":220,"column":2},"end":{"line":226,"column":4}},"79":{"start":{"line":221,"column":30},"end":{"line":221,"column":71}},"80":{"start":{"line":222,"column":31},"end":{"line":222,"column":73}},"81":{"start":{"line":223,"column":32},"end":{"line":223,"column":75}},"82":{"start":{"line":224,"column":30},"end":{"line":224,"column":71}},"83":{"start":{"line":225,"column":33},"end":{"line":225,"column":77}}},"fnMap":{"0":{"name":"debug","decl":{"start":{"line":46,"column":9},"end":{"line":46,"column":14}},"loc":{"start":{"line":46,"column":27},"end":{"line":56,"column":1}}},"1":{"name":"handleError","decl":{"start":{"line":61,"column":9},"end":{"line":61,"column":20}},"loc":{"start":{"line":61,"column":26},"end":{"line":68,"column":1}}},"2":{"name":"serialize","decl":{"start":{"line":76,"column":9},"end":{"line":76,"column":18}},"loc":{"start":{"line":76,"column":32},"end":{"line":89,"column":1}}},"3":{"name":"(anonymous_3)","decl":{"start":{"line":79,"column":27},"end":{"line":79,"column":28}},"loc":{"start":{"line":79,"column":34},"end":{"line":86,"column":3}}},"4":{"name":"fetcher","decl":{"start":{"line":94,"column":9},"end":{"line":94,"column":16}},"loc":{"start":{"line":94,"column":49},"end":{"line":206,"column":1}}},"5":{"name":"(anonymous_5)","decl":{"start":{"line":95,"column":21},"end":{"line":95,"column":22}},"loc":{"start":{"line":95,"column":48},"end":{"line":205,"column":3}}},"6":{"name":"(anonymous_6)","decl":{"start":{"line":101,"column":35},"end":{"line":101,"column":36}},"loc":{"start":{"line":102,"column":6},"end":{"line":102,"column":35}}},"7":{"name":"(anonymous_7)","decl":{"start":{"line":161,"column":12},"end":{"line":161,"column":13}},"loc":{"start":{"line":161,"column":30},"end":{"line":177,"column":7}}},"8":{"name":"(anonymous_8)","decl":{"start":{"line":178,"column":12},"end":{"line":178,"column":13}},"loc":{"start":{"line":178,"column":21},"end":{"line":181,"column":7}}},"9":{"name":"(anonymous_9)","decl":{"start":{"line":182,"column":13},"end":{"line":182,"column":14}},"loc":{"start":{"line":182,"column":22},"end":{"line":204,"column":7}}},"10":{"name":"(anonymous_10)","decl":{"start":{"line":198,"column":18},"end":{"line":198,"column":19}},"loc":{"start":{"line":198,"column":24},"end":{"line":198,"column":68}}},"11":{"name":"(anonymous_11)","decl":{"start":{"line":199,"column":19},"end":{"line":199,"column":20}},"loc":{"start":{"line":199,"column":28},"end":{"line":199,"column":41}}},"12":{"name":"(anonymous_12)","decl":{"start":{"line":219,"column":18},"end":{"line":219,"column":19}},"loc":{"start":{"line":219,"column":37},"end":{"line":227,"column":1}}},"13":{"name":"(anonymous_13)","decl":{"start":{"line":221,"column":9},"end":{"line":221,"column":10}},"loc":{"start":{"line":221,"column":30},"end":{"line":221,"column":71}}},"14":{"name":"(anonymous_14)","decl":{"start":{"line":222,"column":10},"end":{"line":222,"column":11}},"loc":{"start":{"line":222,"column":31},"end":{"line":222,"column":73}}},"15":{"name":"(anonymous_15)","decl":{"start":{"line":223,"column":11},"end":{"line":223,"column":12}},"loc":{"start":{"line":223,"column":32},"end":{"line":223,"column":75}}},"16":{"name":"(anonymous_16)","decl":{"start":{"line":224,"column":9},"end":{"line":224,"column":10}},"loc":{"start":{"line":224,"column":30},"end":{"line":224,"column":71}}},"17":{"name":"(anonymous_17)","decl":{"start":{"line":225,"column":12},"end":{"line":225,"column":13}},"loc":{"start":{"line":225,"column":33},"end":{"line":225,"column":77}}}},"branchMap":{"0":{"loc":{"start":{"line":47,"column":2},"end":{"line":55,"column":3}},"type":"if","locations":[{"start":{"line":47,"column":2},"end":{"line":55,"column":3}},{"start":{"line":47,"column":2},"end":{"line":55,"column":3}}]},"1":{"loc":{"start":{"line":47,"column":6},"end":{"line":47,"column":34}},"type":"binary-expr","locations":[{"start":{"line":47,"column":6},"end":{"line":47,"column":16}},{"start":{"line":47,"column":21},"end":{"line":47,"column":26}},{"start":{"line":47,"column":30},"end":{"line":47,"column":33}}]},"2":{"loc":{"start":{"line":48,"column":4},"end":{"line":50,"column":5}},"type":"if","locations":[{"start":{"line":48,"column":4},"end":{"line":50,"column":5}},{"start":{"line":48,"column":4},"end":{"line":50,"column":5}}]},"3":{"loc":{"start":{"line":51,"column":4},"end":{"line":54,"column":5}},"type":"if","locations":[{"start":{"line":51,"column":4},"end":{"line":54,"column":5}},{"start":{"line":51,"column":4},"end":{"line":54,"column":5}}]},"4":{"loc":{"start":{"line":63,"column":2},"end":{"line":64,"column":51}},"type":"if","locations":[{"start":{"line":63,"column":2},"end":{"line":64,"column":51}},{"start":{"line":63,"column":2},"end":{"line":64,"column":51}}]},"5":{"loc":{"start":{"line":64,"column":7},"end":{"line":64,"column":51}},"type":"if","locations":[{"start":{"line":64,"column":7},"end":{"line":64,"column":51}},{"start":{"line":64,"column":7},"end":{"line":64,"column":51}}]},"6":{"loc":{"start":{"line":64,"column":11},"end":{"line":64,"column":29}},"type":"binary-expr","locations":[{"start":{"line":64,"column":11},"end":{"line":64,"column":14}},{"start":{"line":64,"column":18},"end":{"line":64,"column":29}}]},"7":{"loc":{"start":{"line":66,"column":2},"end":{"line":66,"column":44}},"type":"if","locations":[{"start":{"line":66,"column":2},"end":{"line":66,"column":44}},{"start":{"line":66,"column":2},"end":{"line":66,"column":44}}]},"8":{"loc":{"start":{"line":80,"column":14},"end":{"line":80,"column":44}},"type":"cond-expr","locations":[{"start":{"line":80,"column":23},"end":{"line":80,"column":40}},{"start":{"line":80,"column":43},"end":{"line":80,"column":44}}]},"9":{"loc":{"start":{"line":83,"column":13},"end":{"line":85,"column":57}},"type":"cond-expr","locations":[{"start":{"line":84,"column":6},"end":{"line":84,"column":21}},{"start":{"line":85,"column":6},"end":{"line":85,"column":57}}]},"10":{"loc":{"start":{"line":83,"column":14},"end":{"line":83,"column":49}},"type":"binary-expr","locations":[{"start":{"line":83,"column":14},"end":{"line":83,"column":24}},{"start":{"line":83,"column":28},"end":{"line":83,"column":49}}]},"11":{"loc":{"start":{"line":105,"column":4},"end":{"line":105,"column":80}},"type":"if","locations":[{"start":{"line":105,"column":4},"end":{"line":105,"column":80}},{"start":{"line":105,"column":4},"end":{"line":105,"column":80}}]},"12":{"loc":{"start":{"line":105,"column":8},"end":{"line":105,"column":28}},"type":"binary-expr","locations":[{"start":{"line":105,"column":8},"end":{"line":105,"column":15}},{"start":{"line":105,"column":19},"end":{"line":105,"column":28}}]},"13":{"loc":{"start":{"line":119,"column":4},"end":{"line":124,"column":5}},"type":"if","locations":[{"start":{"line":119,"column":4},"end":{"line":124,"column":5}},{"start":{"line":119,"column":4},"end":{"line":124,"column":5}}]},"14":{"loc":{"start":{"line":119,"column":8},"end":{"line":119,"column":88}},"type":"binary-expr","locations":[{"start":{"line":119,"column":8},"end":{"line":
[...]
,"/Users/josereyes/Dev/ReactNativeScratch/src/redux/recipes/actions.js": {"path":"/Users/josereyes/Dev/ReactNativeScratch/src/redux/recipes/actions.js","statementMap":{"0":{"start":{"line":11,"column":2},"end":{"line":19,"column":4}},"1":{"start":{"line":12,"column":4},"end":{"line":18,"column":9}},"2":{"start":{"line":14,"column":8},"end":{"line":17,"column":11}}},"fnMap":{"0":{"name":"getMeals","decl":{"start":{"line":10,"column":16},"end":{"line":10,"column":24}},"loc":{"start":{"line":10,"column":27},"end":{"line":20,"column":1}}},"1":{"name":"(anonymous_1)","decl":{"start":{"line":11,"column":9},"end":{"line":11,"column":10}},"loc":{"start":{"line":11,"column":23},"end":{"line":19,"column":3}}},"2":{"name":"(anonymous_2)","decl":{"start":{"line":13,"column":12},"end":{"line":13,"column":13}},"loc":{"start":{"line":13,"column":21},"end":{"line":18,"column":7}}}},"branchMap":{},"s":{"0":1,"1":0,"2":0},"f":{"0":1,"1":0,"2":0},"b":{},"_coverageSchema":"332fd63041d2c1bcb487cc26dd0d5f7d97098a6c","hash":"03d9388590c47844866b8ab6468c1d5fef7f5e8b"}
,"/Users/josereyes/Dev/ReactNativeScratch/src/redux/recipes/reducer.js": {"path":"/Users/josereyes/Dev/ReactNativeScratch/src/redux/recipes/reducer.js","statementMap":{"0":{"start":{"line":11,"column":28},"end":{"line":13,"column":1}},"1":{"start":{"line":16,"column":2},"end":{"line":38,"column":3}},"2":{"start":{"line":18,"column":18},"end":{"line":18,"column":20}},"3":{"start":{"line":21,"column":6},"end":{"line":29,"column":7}},"4":{"start":{"line":22,"column":8},"end":{"line":28,"column":12}},"5":{"start":{"line":22,"column":41},"end":{"line":28,"column":9}},"6":{"start":{"line":31,"column":6},"end":{"line":34,"column":8}},"7":{"start":{"line":37,"column":6},"end":{"line":37,"column":19}}},"fnMap":{"0":{"name":"recipeReducer","decl":{"start":{"line":15,"column":24},"end":{"line":15,"column":37}},"loc":{"start":{"line":15,"column":68},"end":{"line":39,"column":1}}},"1":{"name":"(anonymous_1)","decl":{"start":{"line":22,"column":32},"end":{"line":22,"column":33}},"loc":{"start":{"line":22,"column":41},"end":{"line":28,"column":9}}}},"branchMap":{"0":{"loc":{"start":{"line":15,"column":38},"end":{"line":15,"column":58}},"type":"default-arg","locations":[{"start":{"line":15,"column":46},"end":{"line":15,"column":58}}]},"1":{"loc":{"start":{"line":16,"column":2},"end":{"line":38,"column":3}},"type":"switch","locations":[{"start":{"line":17,"column":4},"end":{"line":35,"column":5}},{"start":{"line":36,"column":4},"end":{"line":37,"column":19}}]},"2":{"loc":{"start":{"line":21,"column":6},"end":{"line":29,"column":7}},"type":"if","locations":[{"start":{"line":21,"column":6},"end":{"line":29,"column":7}},{"start":{"line":21,"column":6},"end":{"line":29,"column":7}}]},"3":{"loc":{"start":{"line":21,"column":10},"end":{"line":21,"column":56}},"type":"binary-expr","locations":[{"start":{"line":21,"column":10},"end":{"line":21,"column":21}},{"start":{"line":21,"column":25},"end":{"line":21,"column":56}}]}},"s":{"0":1,"1":1,"2":0,"3":0,"4":0,"5":0,"6":0,"7":1},"f":{"0":1,"1":0},"b":{"0":[0],"1":[0,1],"2":[0,0],"3":[0,0]},"_coverageSchema":"332fd63041d2c1bcb487cc26dd0d5f7d97098a6c","hash":"e9d5f3aaaaad71068a9df6c164acf54f7379c05c"}
,"/Users/josereyes/Dev/ReactNativeScratch/src/redux/router/reducer.js": {"path":"/Users/josereyes/Dev/ReactNativeScratch/src/redux/router/reducer.js","statementMap":{"0":{"start":{"line":10,"column":21},"end":{"line":12,"column":1}},"1":{"start":{"line":15,"column":2},"end":{"line":27,"column":3}},"2":{"start":{"line":18,"column":6},"end":{"line":21,"column":8}},"3":{"start":{"line":26,"column":6},"end":{"line":26,"column":19}}},"fnMap":{"0":{"name":"routerReducer","decl":{"start":{"line":14,"column":24},"end":{"line":14,"column":37}},"loc":{"start":{"line":14,"column":68},"end":{"line":28,"column":1}}}},"branchMap":{"0":{"loc":{"start":{"line":14,"column":38},"end":{"line":14,"column":58}},"type":"default-arg","locations":[{"start":{"line":14,"column":46},"end":{"line":14,"column":58}}]},"1":{"loc":{"start":{"line":15,"column":2},"end":{"line":27,"column":3}},"type":"switch","locations":[{"start":{"line":17,"column":4},"end":{"line":21,"column":8}},{"start":{"line":25,"column":4},"end":{"line":26,"column":19}}]}},"s":{"0":1,"1":1,"2":0,"3":1},"f":{"0":1},"b":{"0":[1],"1":[0,1]},"_coverageSchema":"332fd63041d2c1bcb487cc26dd0d5f7d97098a6c","hash":"a223fb074b85332fbb480389b49fab6a406d9d47"}
,"/Users/josereyes/Dev/ReactNativeScratch/src/redux/sidemenu/actions.js": {"path":"/Users/josereyes/Dev/ReactNativeScratch/src/redux/sidemenu/actions.js","statementMap":{"0":{"start":{"line":9,"column":2},"end":{"line":11,"column":4}},"1":{"start":{"line":15,"column":2},"end":{"line":17,"column":4}},"2":{"start":{"line":21,"column":2},"end":{"line":23,"column":4}}},"fnMap":{"0":{"name":"toggle","decl":{"start":{"line":8,"column":16},"end":{"line":8,"column":22}},"loc":{"start":{"line":8,"column":25},"end":{"line":12,"column":1}}},"1":{"name":"open","decl":{"start":{"line":14,"column":16},"end":{"line":14,"column":20}},"loc":{"start":{"line":14,"column":23},"end":{"line":18,"column":1}}},"2":{"name":"close","decl":{"start":{"line":20,"column":16},"end":{"line":20,"column":21}},"loc":{"start":{"line":20,"column":24},"end":{"line":24,"column":1}}}},"branchMap":{},"s":{"0":2,"1":2,"2":2},"f":{"0":2,"1":2,"2":2},"b":{},"_coverageSchema":"332fd63041d2c1bcb487cc26dd0d5f7d97098a6c","hash":"2db0094b33a5ce88c05f78419f7eef9cca3568c8"}
,"/Users/josereyes/Dev/ReactNativeScratch/src/redux/sidemenu/reducer.js": {"path":"/Users/josereyes/Dev/ReactNativeScratch/src/redux/sidemenu/reducer.js","statementMap":{"0":{"start":{"line":9,"column":28},"end":{"line":12,"column":1}},"1":{"start":{"line":15,"column":2},"end":{"line":33,"column":3}},"2":{"start":{"line":17,"column":6},"end":{"line":20,"column":8}},"3":{"start":{"line":22,"column":6},"end":{"line":25,"column":8}},"4":{"start":{"line":27,"column":6},"end":{"line":30,"column":8}},"5":{"start":{"line":32,"column":6},"end":{"line":32,"column":19}}},"fnMap":{"0":{"name":"sideMenuReducer","decl":{"start":{"line":14,"column":24},"end":{"line":14,"column":39}},"loc":{"start":{"line":14,"column":70},"end":{"line":34,"column":1}}}},"branchMap":{"0":{"loc":{"start":{"line":14,"column":40},"end":{"line":14,"column":60}},"type":"default-arg","locations":[{"start":{"line":14,"column":48},"end":{"line":14,"column":60}}]},"1":{"loc":{"start":{"line":15,"column":2},"end":{"line":33,"column":3}},"type":"switch","locations":[{"start":{"line":16,"column":4},"end":{"line":20,"column":8}},{"start":{"line":21,"column":4},"end":{"line":25,"column":8}},{"start":{"line":26,"column":4},"end":{"line":30,"column":8}},{"start":{"line":31,"column":4},"end":{"line":32,"column":19}}]}},"s":{"0":1,"1":3,"2":1,"3":1,"4":1,"5":0},"f":{"0":3},"b":{"0":[0],"1":[1,1,1,0]},"_coverageSchema":"332fd63041d2c1bcb487cc26dd0d5f7d97098a6c","hash":"c3f6cc24b69f32a495de6c272ece6bdef8a9414e"}
,"/Users/josereyes/Dev/ReactNativeScratch/src/redux/user/actions.js": {"path":"/Users/josereyes/Dev/ReactNativeScratch/src/redux/user/actions.js","statementMap":{"0":{"start":{"line":16,"column":2},"end":{"line":53,"column":5}},"1":{"start":{"line":16,"column":21},"end":{"line":53,"column":4}},"2":{"start":{"line":17,"column":22},"end":{"line":17,"column":41}},"3":{"start":{"line":20,"column":4},"end":{"line":20,"column":69}},"4":{"start":{"line":20,"column":42},"end":{"line":20,"column":69}},"5":{"start":{"line":22,"column":4},"end":{"line":22,"column":43}},"6":{"start":{"line":22,"column":26},"end":{"line":22,"column":43}},"7":{"start":{"line":25,"column":4},"end":{"line":52,"column":35}},"8":{"start":{"line":27,"column":27},"end":{"line":27,"column":29}},"9":{"start":{"line":29,"column":8},"end":{"line":33,"column":9}},"10":{"start":{"line":30,"column":10},"end":{"line":30,"column":42}},"11":{"start":{"line":32,"column":10},"end":{"line":32,"column":48}},"12":{"start":{"line":35,"column":8},"end":{"line":40,"column":9}},"13":{"start":{"line":39,"column":10},"end":{"line":39,"column":48}},"14":{"start":{"line":43,"column":8},"end":{"line":51,"column":39}},"15":{"start":{"line":45,"column":12},"end":{"line":48,"column":15}},"16":{"start":{"line":50,"column":12},"end":{"line":50,"column":37}},"17":{"start":{"line":51,"column":26},"end":{"line":51,"column":37}},"18":{"start":{"line":52,"column":22},"end":{"line":52,"column":33}},"19":{"start":{"line":60,"column":2},"end":{"line":66,"column":7}},"20":{"start":{"line":60,"column":21},"end":{"line":66,"column":6}},"21":{"start":{"line":62,"column":6},"end":{"line":65,"column":9}},"22":{"start":{"line":73,"column":2},"end":{"line":81,"column":7}},"23":{"start":{"line":73,"column":21},"end":{"line":81,"column":6}},"24":{"start":{"line":75,"column":6},"end":{"line":78,"column":9}},"25":{"start":{"line":80,"column":6},"end":{"line":80,"column":22}},"26":{"start":{"line":89,"column":2},"end":{"line":97,"column":7}},"27":{"start":{"line":89,"column":21},"end":{"line":97,"column":6}},"28":{"start":{"line":91,"column":6},"end":{"line":94,"column":9}},"29":{"start":{"line":96,"column":6},"end":{"line":96,"column":22}}},"fnMap":{"0":{"name":"login","decl":{"start":{"line":15,"column":16},"end":{"line":15,"column":21}},"loc":{"start":{"line":15,"column":47},"end":{"line":54,"column":1}}},"1":{"name":"(anonymous_1)","decl":{"start":{"line":16,"column":9},"end":{"line":16,"column":10}},"loc":{"start":{"line":16,"column":21},"end":{"line":53,"column":4}}},"2":{"name":"(anonymous_2)","decl":{"start":{"line":16,"column":33},"end":{"line":16,"column":34}},"loc":{"start":{"line":16,"column":60},"end":{"line":53,"column":3}}},"3":{"name":"(anonymous_3)","decl":{"start":{"line":26,"column":12},"end":{"line":26,"column":13}},"loc":{"start":{"line":26,"column":23},"end":{"line":52,"column":7}}},"4":{"name":"(anonymous_4)","decl":{"start":{"line":44,"column":16},"end":{"line":44,"column":17}},"loc":{"start":{"line":44,"column":30},"end":{"line":51,"column":11}}},"5":{"name":"(anonymous_5)","decl":{"start":{"line":51,"column":19},"end":{"line":51,"column":20}},"loc":{"start":{"line":51,"column":26},"end":{"line":51,"column":37}}},"6":{"name":"(anonymous_6)","decl":{"start":{"line":52,"column":15},"end":{"line":52,"column":16}},"loc":{"start":{"line":52,"column":22},"end":{"line":52,"column":33}}},"7":{"name":"logout","decl":{"start":{"line":59,"column":16},"end":{"line":59,"column":22}},"loc":{"start":{"line":59,"column":25},"end":{"line":67,"column":1}}},"8":{"name":"(anonymous_8)","decl":{"start":{"line":60,"column":9},"end":{"line":60,"column":10}},"loc":{"start":{"line":60,"column":21},"end":{"line":66,"column":6}}},"9":{"name":"(anonymous_9)","decl":{"start":{"line":61,"column":10},"end":{"line":61,"column":11}},"loc":{"start":{"line":61,"column":16},"end":{"line":66,"column":5}}},"10":{"name":"getMe","decl":{"start":{"line":72,"column":16},"end":{"line":72,"column":21}},"loc":{"start":{"line":72,"column":24},"end":{"line":82,"column":1}}},"11":{"name":"(anonymous_11)","decl":{"start":{"line":73,"column":9},"end":{"line":73,"column":10}},"loc":{"start":{"line":73,"column":21},"end":{"line":81,"column":6}}},"12":{"name":"(anonymous_12)","decl":{"start":{"line":74,"column":10},"end":{"line":74,"column":11}},"loc":{"start":{"line":74,"column":24},"end":{"line":81,"column":5}}},"13":{"name":"updateMe","decl":{"start":{"line":88,"column":16},"end":{"line":88,"column":24}},"loc":{"start":{"line":88,"column":34},"end":{"line":98,"column":1}}},"14":{"name":"(anonymous_14)","decl":{"start":{"line":89,"column":9},"end":{"line":89,"column":10}},"loc":{"start":{"line":89,"column":21},"end":{"line":97,"column":6}}},"15":{"name":"(anonymous_15)","decl":{"start":{"line":90,"column":10},"end":{"line":90,"column":11}},"loc":{"start":{"line":90,"column":24},"end":{"line":97,"column":5}}}},"branchMap":{"0":{"loc":{"start":{"line":17,"column":22},"end":{"line":17,"column":41}},"type":"binary-expr","locations":[{"start":{"line":17,"column":22},"end":{"line":17,"column":33}},{"start":{"line":17,"column":37},"end":{"line":17,"column":41}}]},"1":{"loc":{"start":{"line":20,"column":4},"end":{"line":20,"column":69}},"type":"if","locations":[{"start":{"line":20,"column":4},"end":{"line":20,"column":69}},{"start":{"line":20,"column":4},"end":{"line":20,"column":69}}]},"2":{"loc":{"start":{"line":20,"column":8},"end":{"line":20,"column":40}},"type":"binary-expr","locations":[{"start":{"line":20,"column":8},"end":{"line":20,"column":18}},{"start":{"line":20,"column":22},"end":{"line":20,"column":40}}]},"3":{"loc":{"start":{"line":22,"column":4},"end":{"line":22,"column":43}},"type":"if","locations":[{"start":{"line":22,"column":4},"end":{"line":22,"column":43}},{"start":{"line":22,"column":4},"end":{"line":22,"column":43}}]},"4":{"loc":{"start":{"line":35,"column":8},"end":{"line":40,"column":9}},"type":"if","locations":[{"start":{"line":35,"column":8},"end":{"line":40,"column":9}},{"start":{"line":35,"column":8},"end":{"line":40,"column":9}}]},"5":{"loc":{"start":{"line":36,"column":10},"end":{"line":37,"column":63}},"type":"binary-expr","locations":[{"start":{"line":36,"column":10},"end":{"line":36,"column":23}},{"start":{"line":36,"column":27},"end":{"line":36,"column":45}},{"start":{"line":37,"column":10},"end":{"line":37,"column":33}},{"start":{"line":37,"column":37},"end":{"line":37,"column":63}}]}},"s":{"0":1,"1":0,"2":0,"3":0,"4":0,"5":0,"6":0,"7":0,"8":0,"9":0,"10":0,"11":0,"12":0,"13":0,"14":0,"15":0,"16":0,"17":0,"18":0,"19":1,"20":0,"21":0,"22":1,"23":0,"24":0,"25":0,"26":1,"27":0,"28":0,"29":0},"f":{"0":1,"1":0,"2":0,"3":0,"4":0,"5":0,"6":0,"7":1,"8":0,"9":0,"10":1,"11":0,"12":0,"13":1,"14":0,"15":0},"b":{"0":[0,0],"1":[0,0],"2":[0,0],"3":[0,0],"4":[0,0],"5":[0,0,0,0]},"_coverageSchema":"332fd63041d2c1bcb487cc26dd0d5f7d97098a6c","hash":"eff83f2ffdd1cdb45b91c6adfcfb05887b7f5320"}
,"/Users/josereyes/Dev/ReactNativeScratch/src/redux/user/reducer.js": {"path":"/Users/josereyes/Dev/ReactNativeScratch/src/redux/user/reducer.js","statementMap":{"0":{"start":{"line":9,"column":21},"end":{"line":9,"column":23}},"1":{"start":{"line":12,"column":2},"end":{"line":18,"column":3}},"2":{"start":{"line":14,"column":6},"end":{"line":14,"column":25}},"3":{"start":{"line":17,"column":6},"end":{"line":17,"column":19}}},"fnMap":{"0":{"name":"userReducer","decl":{"start":{"line":11,"column":24},"end":{"line":11,"column":35}},"loc":{"start":{"line":11,"column":66},"end":{"line":19,"column":1}}}},"branchMap":{"0":{"loc":{"start":{"line":11,"column":36},"end":{"line":11,"column":56}},"type":"default-arg","locations":[{"start":{"line":11,"column":44},"end":{"line":11,"column":56}}]},"1":{"loc":{"start":{"line":12,"column":2},"end":{"line":18,"column":3}},"type":"switch","locations":[{"start":{"line":13,"column":4},"end":{"line":14,"column":25}},{"start":{"line":16,"column":4},"end":{"line":17,"column":19}}]}},"s":{"0":1,"1":4,"2":0,"3":4},"f":{"0":4},"b":{"0":[4],"1":[0,4]},"_coverageSchema":"332fd63041d2c1bcb487cc26dd0d5f7d97098a6c","hash":"ad6bdbb13f2a8af47a0447cad2a00650ea9c756c"}
,"/Users/josereyes/Dev/ReactNativeScratch/src/theme/colors.js": {"path":"/Users/josereyes/Dev/ReactNativeScratch/src/theme/colors.js","statementMap":{"0":{"start":{"line":8,"column":12},"end":{"line":12,"column":1}},"1":{"start":{"line":14,"column":14},"end":{"line":19,"column":1}},"2":{"start":{"line":21,"column":13},"end":{"line":26,"column":1}},"3":{"start":{"line":28,"column":16},"end":{"line":30,"column":1}},"4":{"start":{"line":32,"column":15},"end":{"line":38,"column":1}}},"fnMap":{},"branchMap":{},"s":{"0":27,"1":27,"2":27,"3":27,"4":27},"f":{},"b":{},"_coverageSchema":"332fd63041d2c1bcb487cc26dd0d5f7d97098a6c","hash":"2670a03fc968c4c0b2f3a0213743ec3c39b169bb"}
,"/Users/josereyes/Dev/ReactNativeScratch/src/theme/fonts.js": {"path":"/Users/josereyes/Dev/ReactNativeScratch/src/theme/fonts.js","statementMap":{"0":{"start":{"line":10,"column":21},"end":{"line":10,"column":49}},"1":{"start":{"line":11,"column":2},"end":{"line":11,"column":58}},"2":{"start":{"line":14,"column":13},"end":{"line":25,"column":1}}},"fnMap":{"0":{"name":"lineHeight","decl":{"start":{"line":9,"column":9},"end":{"line":9,"column":19}},"loc":{"start":{"line":9,"column":30},"end":{"line":12,"column":1}}}},"branchMap":{"0":{"loc":{"start":{"line":10,"column":21},"end":{"line":10,"column":49}},"type":"cond-expr","locations":[{"start":{"line":10,"column":39},"end":{"line":10,"column":42}},{"start":{"line":10,"column":45},"end":{"line":10,"column":49}}]}},"s":{"0":135,"1":135,"2":27},"f":{"0":135},"b":{"0":[81,54]},"_coverageSchema":"332fd63041d2c1bcb487cc26dd0d5f7d97098a6c","hash":"73ee08f0ce70970d62b3aff4fd1bed5d5c16a341"}
,"/Users/josereyes/Dev/ReactNativeScratch/src/theme/index.js": {"path":"/Users/josereyes/Dev/ReactNativeScratch/src/theme/index.js","statementMap":{},"fnMap":{},"branchMap":{},"s":{},"f":{},"b":{},"_coverageSchema":"332fd63041d2c1bcb487cc26dd0d5f7d97098a6c","hash":"ea95aacfb9d4da02fb086c15de7cd1590d26b247"}
,"/Users/josereyes/Dev/ReactNativeScratch/src/theme/sizes.js": {"path":"/Users/josereyes/Dev/ReactNativeScratch/src/theme/sizes.js","statementMap":{"0":{"start":{"line":9,"column":26},"end":{"line":9,"column":50}},"1":{"start":{"line":10,"column":21},"end":{"line":10,"column":52}},"2":{"start":{"line":11,"column":20},"end":{"line":11,"column":51}}},"fnMap":{},"branchMap":{"0":{"loc":{"start":{"line":10,"column":21},"end":{"line":10,"column":52}},"type":"cond-expr","locations":[{"start":{"line":10,"column":38},"end":{"line":10,"column":44}},{"start":{"line":10,"column":47},"end":{"line":10,"column":52}}]},"1":{"loc":{"start":{"line":11,"column":20},"end":{"line":11,"column":51}},"type":"cond-expr","locations":[{"start":{"line":11,"column":37},"end":{"line":11,"column":42}},{"start":{"line":11,"column":45},"end":{"line":11,"column":51}}]},"2":{"loc":{"start":{"line":25,"column":16},"end":{"line":25,"column":49}},"type":"cond-expr","locations":[{"start":{"line":25,"column":42},"end":{"line":25,"column":44}},{"start":{"line":25,"column":47},"end":{"line":25,"column":49}}]},"3":{"loc":{"start":{"line":26,"column":19},"end":{"line":26,"column":51}},"type":"cond-expr","locations":[{"start":{"line":26,"column":45},"end":{"line":26,"column":47}},{"start":{"line":26,"column":50},"end":{"line":26,"column":51}}]}},"s":{"0":27,"1":27,"2":27},"f":{},"b":{"0":[27,0],"1":[27,0],"2":[27,0],"3":[27,0]},"_coverageSchema":"332fd63041d2c1bcb487cc26dd0d5f7d97098a6c","hash":"045e1805c171e37b108aea7a58b9dc338de4873c"}
,"/Users/josereyes/Dev/ReactNativeScratch/src/theme/styles.js": {"path":"/Users/josereyes/Dev/ReactNativeScratch/src/theme/styles.js","statementMap":{},"fnMap":{},"branchMap":{},"s":{},"f":{},"b":{},"_coverageSchema":"332fd63041d2c1bcb487cc26dd0d5f7d97098a6c","hash":"1c7c6437444456ad5e12501938250cc93e84daa2"}
}
