TN:
SF:/Users/josereyes/Dev/ReactNativeScratch/jest.setup.js
FN:3,(anonymous_0)
FN:17,(anonymous_1)
FN:19,(anonymous_2)
FN:19,(anonymous_3)
FN:24,(anonymous_4)
FN:26,(anonymous_5)
FNF:6
FNH:1
FNDA:11,(anonymous_0)
FNDA:0,(anonymous_1)
FNDA:0,(anonymous_2)
FNDA:0,(anonymous_3)
FNDA:0,(anonymous_4)
FNDA:0,(anonymous_5)
DA:3,30
DA:4,11
DA:14,30
DA:17,30
DA:18,0
DA:19,0
DA:24,30
DA:25,0
DA:26,0
LF:9
LH:5
BRF:0
BRH:0
end_of_record
TN:
SF:/Users/josereyes/Dev/ReactNativeScratch/src/components/general/Error.js
FN:20,(anonymous_0)
FNF:1
FNH:1
FNDA:2,(anonymous_0)
DA:20,5
DA:21,2
DA:41,5
DA:42,5
DA:43,5
LF:5
LH:5
BRDA:30,0,0,2
BRDA:30,0,1,1
BRF:2
BRH:2
end_of_record
TN:
SF:/Users/josereyes/Dev/ReactNativeScratch/src/components/general/Loading.js
FN:19,(anonymous_0)
FNF:1
FNH:1
FNDA:3,(anonymous_0)
DA:19,4
DA:20,3
DA:39,4
DA:40,4
DA:41,4
LF:5
LH:5
BRDA:24,0,0,3
BRDA:24,0,1,0
BRDA:30,1,0,0
BRDA:30,1,1,3
BRDA:35,2,0,3
BRDA:35,2,1,1
BRF:6
BRH:4
end_of_record
TN:
SF:/Users/josereyes/Dev/ReactNativeScratch/src/components/general/Placeholder.js
FN:19,(anonymous_0)
FNF:1
FNH:1
FNDA:2,(anonymous_0)
DA:19,1
DA:20,2
DA:25,1
DA:26,1
DA:27,1
LF:5
LH:5
BRF:0
BRH:0
end_of_record
TN:
SF:/Users/josereyes/Dev/ReactNativeScratch/src/components/ui/Alerts.js
FN:65,(anonymous_0)
FNF:1
FNH:1
FNDA:5,(anonymous_0)
DA:23,16
DA:65,16
DA:66,5
DA:105,16
DA:111,16
DA:117,16
LF:6
LH:6
BRDA:67,0,0,5
BRDA:67,0,1,1
BRDA:76,1,0,5
BRDA:76,1,1,1
BRDA:87,2,0,5
BRDA:87,2,1,1
BRF:6
BRH:6
end_of_record
TN:
SF:/Users/josereyes/Dev/ReactNativeScratch/src/components/ui/Button.js
FN:36,(anonymous_0)
FN:107,(anonymous_1)
FNF:2
FNH:2
FNDA:16,(anonymous_0)
FNDA:16,(anonymous_1)
DA:38,16
DA:65,16
DA:66,5
DA:67,5
DA:69,5
DA:70,1
DA:76,16
DA:77,1
DA:78,1
DA:80,1
DA:81,1
DA:89,16
DA:90,3
DA:91,3
DA:92,3
DA:93,3
DA:94,3
DA:96,3
DA:97,1
DA:104,16
DA:107,16
LF:21
LH:21
BRDA:53,0,0,16
BRDA:53,0,1,15
BRDA:56,1,0,6
BRDA:56,1,1,10
BRDA:56,2,0,16
BRDA:56,2,1,16
BRDA:65,3,0,5
BRDA:65,3,1,11
BRDA:69,4,0,1
BRDA:69,4,1,4
BRDA:69,5,0,5
BRDA:69,5,1,1
BRDA:76,6,0,1
BRDA:76,6,1,15
BRDA:80,7,0,1
BRDA:80,7,1,0
BRDA:80,8,0,1
BRDA:80,8,1,1
BRDA:89,9,0,3
BRDA:89,9,1,13
BRDA:91,10,0,3
BRDA:91,10,1,3
BRDA:96,11,0,1
BRDA:96,11,1,2
BRDA:96,12,0,3
BRDA:96,12,1,1
BRF:26
BRH:25
end_of_record
TN:
SF:/Users/josereyes/Dev/ReactNativeScratch/src/components/ui/Card.js
FN:33,(anonymous_0)
FN:62,(anonymous_1)
FNF:2
FNH:2
FNDA:7,(anonymous_0)
FNDA:7,(anonymous_1)
DA:35,7
DA:51,7
DA:52,7
DA:55,7
DA:56,7
DA:59,7
DA:62,7
LF:7
LH:7
BRDA:51,0,0,7
BRDA:51,0,1,0
BRDA:55,1,0,7
BRDA:55,1,1,0
BRF:4
BRH:2
end_of_record
TN:
SF:/Users/josereyes/Dev/ReactNativeScratch/src/components/ui/FormInput.js
FN:34,(anonymous_0)
FN:65,(anonymous_1)
FNF:2
FNH:2
FNDA:1,(anonymous_0)
FNDA:1,(anonymous_1)
DA:36,1
DA:54,1
DA:55,1
DA:58,1
DA:59,1
DA:62,1
DA:65,1
LF:7
LH:7
BRDA:54,0,0,1
BRDA:54,0,1,0
BRDA:58,1,0,1
BRDA:58,1,1,0
BRF:4
BRH:2
end_of_record
TN:
SF:/Users/josereyes/Dev/ReactNativeScratch/src/components/ui/FormLabel.js
FN:31,(anonymous_0)
FN:48,(anonymous_1)
FNF:2
FNH:2
FNDA:1,(anonymous_0)
FNDA:1,(anonymous_1)
DA:33,1
DA:41,1
DA:42,1
DA:45,1
DA:48,1
LF:5
LH:5
BRDA:41,0,0,1
BRDA:41,0,1,0
BRF:2
BRH:1
end_of_record
TN:
SF:/Users/josereyes/Dev/ReactNativeScratch/src/components/ui/List.js
FN:28,(anonymous_0)
FN:47,(anonymous_1)
FNF:2
FNH:2
FNDA:1,(anonymous_0)
FNDA:1,(anonymous_1)
DA:30,1
DA:40,1
DA:41,1
DA:44,1
DA:47,1
LF:5
LH:5
BRDA:40,0,0,1
BRDA:40,0,1,0
BRF:2
BRH:1
end_of_record
TN:
SF:/Users/josereyes/Dev/ReactNativeScratch/src/components/ui/ListItem.js
FN:38,(anonymous_0)
FN:69,(anonymous_1)
FNF:2
FNH:2
FNDA:3,(anonymous_0)
FNDA:3,(anonymous_1)
DA:40,3
DA:54,3
DA:55,3
DA:58,3
DA:59,3
DA:62,3
DA:63,3
DA:66,3
DA:69,3
LF:9
LH:9
BRDA:54,0,0,3
BRDA:54,0,1,0
BRDA:58,1,0,3
BRDA:58,1,1,0
BRDA:62,2,0,3
BRDA:62,2,1,0
BRF:6
BRH:3
end_of_record
TN:
SF:/Users/josereyes/Dev/ReactNativeScratch/src/components/ui/Spacer.js
FN:13,(anonymous_0)
FNF:1
FNH:1
FNDA:17,(anonymous_0)
DA:13,16
DA:14,17
DA:24,16
DA:25,16
DA:26,16
LF:5
LH:5
BRF:0
BRH:0
end_of_record
TN:
SF:/Users/josereyes/Dev/ReactNativeScratch/src/components/ui/TabIcon.js
FN:15,(anonymous_0)
FNF:1
FNH:1
FNDA:1,(anonymous_0)
DA:15,17
DA:16,1
DA:23,17
DA:24,17
LF:4
LH:4
BRDA:19,0,0,1
BRDA:19,0,1,0
BRF:2
BRH:1
end_of_record
TN:
SF:/Users/josereyes/Dev/ReactNativeScratch/src/components/ui/Text.js
FN:44,(anonymous_0)
FN:66,(anonymous_1)
FNF:2
FNH:2
FNDA:28,(anonymous_0)
FNDA:28,(anonymous_1)
DA:46,28
DA:51,28
DA:52,28
DA:53,28
DA:54,28
DA:55,28
DA:56,28
DA:57,28
DA:59,28
DA:60,8
DA:63,28
DA:66,28
LF:12
LH:12
BRDA:51,0,0,4
BRDA:51,0,1,24
BRDA:52,1,0,2
BRDA:52,1,1,26
BRDA:53,2,0,3
BRDA:53,2,1,25
BRDA:54,3,0,2
BRDA:54,3,1,26
BRDA:55,4,0,1
BRDA:55,4,1,27
BRDA:56,5,0,1
BRDA:56,5,1,27
BRDA:57,6,0,1
BRDA:57,6,1,27
BRDA:59,7,0,8
BRDA:59,7,1,20
BRF:16
BRH:16
end_of_record
TN:
SF:/Users/josereyes/Dev/ReactNativeScratch/src/components/ui/index.js
FNF:0
FNH:0
LF:0
LH:0
BRF:0
BRH:0
end_of_record
TN:
SF:/Users/josereyes/Dev/ReactNativeScratch/src/constants/api.js
FNF:0
FNH:0
LF:0
LH:0
BRF:0
BRH:0
end_of_record
TN:
SF:/Users/josereyes/Dev/ReactNativeScratch/src/constants/config.js
FNF:0
FNH:0
LF:0
LH:0
BRDA:18,0,0,11
BRDA:18,0,1,0
BRF:2
BRH:1
end_of_record
TN:
SF:/Users/josereyes/Dev/ReactNativeScratch/src/constants/errors.js
FNF:0
FNH:0
LF:0
LH:0
BRF:0
BRH:0
end_of_record
TN:
SF:/Users/josereyes/Dev/ReactNativeScratch/src/constants/index.js
FNF:0
FNH:0
LF:0
LH:0
BRF:0
BRH:0
end_of_record
TN:
SF:/Users/josereyes/Dev/ReactNativeScratch/src/containers/Launch/LaunchContainer.js
FN:16,(anonymous_0)
FNF:1
FNH:0
FNDA:0,(anonymous_0)
DA:16,1
DA:20,1
LF:2
LH:2
BRF:0
BRH:0
end_of_record
TN:
SF:/Users/josereyes/Dev/ReactNativeScratch/src/containers/Launch/LaunchView.js
FN:38,(anonymous_0)
FN:45,(anonymous_1)
FN:47,(anonymous_2)
FN:50,(anonymous_3)
FNF:4
FNH:4
FNDA:1,(anonymous_0)
FNDA:1,(anonymous_1)
FNDA:1,(anonymous_2)
FNDA:1,(anonymous_3)
DA:23,2
DA:40,1
DA:43,1
DA:45,1
DA:47,1
DA:51,1
LF:6
LH:6
BRF:0
BRH:0
end_of_record
TN:
SF:/Users/josereyes/Dev/ReactNativeScratch/src/containers/auth/AuthenticateView.js
FN:43,(anonymous_0)
FNF:1
FNH:1
FNDA:1,(anonymous_0)
DA:24,1
DA:44,1
LF:2
LH:2
BRF:0
BRH:0
end_of_record
TN:
SF:/Users/josereyes/Dev/ReactNativeScratch/src/containers/auth/Login/LoginContainer.js
FN:16,(anonymous_0)
FNF:1
FNH:0
FNDA:0,(anonymous_0)
DA:16,1
DA:21,1
LF:2
LH:2
BRF:0
BRH:0
end_of_record
TN:
SF:/Users/josereyes/Dev/ReactNativeScratch/src/containers/auth/Login/LoginView.js
FN:31,(anonymous_0)
FN:36,(anonymous_1)
FN:45,(anonymous_2)
FN:83,(anonymous_3)
FN:101,(anonymous_4)
FN:107,(anonymous_5)
FN:118,(anonymous_6)
FN:121,(anonymous_7)
FN:122,(anonymous_8)
FN:126,(anonymous_9)
FN:134,(anonymous_10)
FN:140,(anonymous_11)
FN:152,(anonymous_12)
FNF:13
FNH:5
FNDA:1,(anonymous_0)
FNDA:0,(anonymous_1)
FNDA:0,(anonymous_2)
FNDA:1,(anonymous_3)
FNDA:0,(anonymous_4)
FNDA:0,(anonymous_5)
FNDA:0,(anonymous_6)
FNDA:0,(anonymous_7)
FNDA:0,(anonymous_8)
FNDA:0,(anonymous_9)
FNDA:1,(anonymous_10)
FNDA:1,(anonymous_11)
FNDA:1,(anonymous_12)
DA:32,1
DA:35,1
DA:37,0
DA:39,0
DA:44,1
DA:46,0
DA:47,0
DA:51,1
DA:85,1
DA:86,0
DA:88,0
DA:89,0
DA:103,0
DA:106,0
DA:107,0
DA:108,0
DA:111,0
DA:112,0
DA:115,0
DA:119,0
DA:122,0
DA:123,0
DA:127,0
DA:128,0
DA:135,1
DA:137,1
DA:140,1
DA:152,1
LF:28
LH:9
BRDA:46,0,0,0
BRDA:46,0,1,0
BRDA:88,1,0,0
BRDA:88,1,1,0
BRDA:106,2,0,0
BRDA:106,2,1,0
BRDA:111,3,0,0
BRDA:111,3,1,0
BRF:8
BRH:0
end_of_record
TN:
SF:/Users/josereyes/Dev/ReactNativeScratch/src/containers/recipes/RecipeView.js
FN:48,(anonymous_0)
FN:52,(anonymous_1)
FN:70,(anonymous_2)
FN:74,(anonymous_3)
FN:89,(anonymous_4)
FNF:5
FNH:3
FNDA:1,(anonymous_0)
FNDA:2,(anonymous_1)
FNDA:0,(anonymous_2)
FNDA:0,(anonymous_3)
FNDA:1,(anonymous_4)
DA:23,1
DA:49,1
DA:50,1
DA:52,1
DA:53,2
DA:61,2
DA:64,1
DA:71,0
DA:72,0
DA:74,0
DA:75,0
DA:83,0
DA:86,0
DA:90,1
DA:91,1
DA:93,1
LF:16
LH:10
BRDA:95,0,0,1
BRDA:95,0,1,1
BRDA:107,1,0,1
BRDA:107,1,1,0
BRDA:114,2,0,0
BRDA:114,2,1,1
BRF:6
BRH:4
end_of_record
TN:
SF:/Users/josereyes/Dev/ReactNativeScratch/src/containers/recipes/Browse/BrowseContainer.js
FN:16,(anonymous_0)
FNF:1
FNH:0
FNDA:0,(anonymous_0)
DA:16,1
DA:21,1
LF:2
LH:2
BRF:0
BRH:0
end_of_record
TN:
SF:/Users/josereyes/Dev/ReactNativeScratch/src/containers/recipes/Browse/BrowseView.js
FN:54,(anonymous_0)
FN:63,(anonymous_1)
FN:64,(anonymous_2)
FN:72,(anonymous_3)
FN:75,(anonymous_4)
FN:90,(anonymous_5)
FN:100,(anonymous_6)
FN:104,(anonymous_7)
FN:106,(anonymous_8)
FN:121,(anonymous_9)
FN:130,(anonymous_10)
FN:135,(anonymous_11)
FN:144,(anonymous_12)
FN:168,(anonymous_13)
FNF:14
FNH:3
FNDA:1,(anonymous_0)
FNDA:1,(anonymous_1)
FNDA:0,(anonymous_2)
FNDA:0,(anonymous_3)
FNDA:0,(anonymous_4)
FNDA:0,(anonymous_5)
FNDA:0,(anonymous_6)
FNDA:0,(anonymous_7)
FNDA:0,(anonymous_8)
FNDA:0,(anonymous_9)
FNDA:0,(anonymous_10)
FNDA:0,(anonymous_11)
FNDA:0,(anonymous_12)
FNDA:1,(anonymous_13)
DA:29,2
DA:55,1
DA:57,1
DA:64,1
DA:65,0
DA:73,0
DA:74,0
DA:75,0
DA:76,0
DA:82,0
DA:85,0
DA:91,0
DA:102,0
DA:103,0
DA:105,0
DA:107,0
DA:108,0
DA:114,0
DA:122,0
DA:131,0
DA:136,0
DA:146,0
DA:150,0
DA:154,0
DA:155,0
DA:159,0
DA:169,1
DA:170,0
DA:172,0
LF:29
LH:5
BRDA:102,0,0,0
BRDA:102,0,1,0
BRDA:102,1,0,0
BRDA:102,1,1,0
BRDA:146,2,0,0
BRDA:146,2,1,0
BRDA:147,3,0,0
BRDA:147,3,1,0
BRDA:154,4,0,0
BRDA:154,4,1,0
BRDA:169,5,0,1
BRDA:169,5,1,0
BRDA:169,6,0,1
BRDA:169,6,1,0
BRDA:170,7,0,0
BRDA:170,7,1,0
BRF:16
BRH:2
end_of_record
TN:
SF:/Users/josereyes/Dev/ReactNativeScratch/src/containers/recipes/Card/CardContainer.js
FN:22,(anonymous_0)
FN:50,(anonymous_1)
FN:59,(anonymous_2)
FN:69,(anonymous_3)
FN:79,(anonymous_4)
FN:108,(anonymous_5)
FN:139,(anonymous_6)
FN:149,(anonymous_7)
FN:162,(anonymous_8)
FNF:9
FNH:0
FNDA:0,(anonymous_0)
FNDA:0,(anonymous_1)
FNDA:0,(anonymous_2)
FNDA:0,(anonymous_3)
FNDA:0,(anonymous_4)
FNDA:0,(anonymous_5)
FNDA:0,(anonymous_6)
FNDA:0,(anonymous_7)
FNDA:0,(anonymous_8)
DA:22,5
DA:27,5
DA:51,0
DA:53,0
DA:54,0
DA:60,0
DA:61,0
DA:62,0
DA:70,0
DA:80,0
DA:82,0
DA:83,0
DA:93,0
DA:96,0
DA:98,0
DA:101,0
DA:109,0
DA:110,0
DA:111,0
DA:112,0
DA:115,0
DA:116,0
DA:117,0
DA:120,0
DA:129,0
DA:140,0
DA:142,0
DA:143,0
DA:144,0
DA:145,0
DA:148,0
DA:149,0
DA:150,0
DA:151,0
DA:155,0
DA:159,0
DA:163,0
DA:164,0
DA:166,0
LF:39
LH:2
BRDA:60,0,0,0
BRDA:60,0,1,0
BRDA:82,1,0,0
BRDA:82,1,1,0
BRDA:82,2,0,0
BRDA:82,2,1,0
BRDA:83,3,0,0
BRDA:83,3,1,0
BRDA:84,4,0,0
BRDA:84,4,1,0
BRDA:84,4,2,0
BRDA:96,5,0,0
BRDA:96,5,1,0
BRDA:120,6,0,0
BRDA:120,6,1,0
BRDA:121,7,0,0
BRDA:121,7,1,0
BRDA:121,7,2,0
BRDA:121,7,3,0
BRDA:121,7,4,0
BRDA:142,8,0,0
BRDA:142,8,1,0
BRDA:142,9,0,0
BRDA:142,9,1,0
BRDA:143,10,0,0
BRDA:143,10,1,0
BRDA:143,11,0,0
BRDA:143,11,1,0
BRDA:143,11,2,0
BRDA:150,12,0,0
BRDA:150,12,1,0
BRDA:172,13,0,0
BRDA:172,13,1,0
BRDA:172,14,0,0
BRDA:172,14,1,0
BRDA:173,15,0,0
BRDA:173,15,1,0
BRDA:173,15,2,0
BRDA:173,15,3,0
BRF:39
BRH:0
end_of_record
TN:
SF:/Users/josereyes/Dev/ReactNativeScratch/src/containers/recipes/Card/CardView.js
FN:44,(anonymous_0)
FNF:1
FNH:1
FNDA:1,(anonymous_0)
DA:23,6
DA:45,1
DA:47,1
LF:3
LH:3
BRDA:49,0,0,1
BRDA:49,0,1,1
BRDA:54,1,0,1
BRDA:54,1,1,0
BRDA:63,2,0,0
BRDA:63,2,1,0
BRDA:65,3,0,0
BRDA:65,3,1,0
BRF:8
BRH:3
end_of_record
TN:
SF:/Users/josereyes/Dev/ReactNativeScratch/src/containers/recipes/Listing/ListingContainer.js
FN:24,(anonymous_0)
FN:39,(anonymous_1)
FN:49,(anonymous_2)
FN:56,(anonymous_3)
FN:67,(anonymous_4)
FN:73,(anonymous_5)
FN:84,(anonymous_6)
FNF:7
FNH:0
FNDA:0,(anonymous_0)
FNDA:0,(anonymous_1)
FNDA:0,(anonymous_2)
FNDA:0,(anonymous_3)
FNDA:0,(anonymous_4)
FNDA:0,(anonymous_5)
FNDA:0,(anonymous_6)
DA:24,3
DA:28,3
DA:40,0
DA:42,0
DA:50,0
DA:57,0
DA:60,0
DA:61,0
DA:66,0
DA:68,0
DA:74,0
DA:76,0
DA:85,0
DA:87,0
DA:88,0
DA:90,0
LF:16
LH:2
BRDA:60,0,0,0
BRDA:60,0,1,0
BRDA:87,1,0,0
BRDA:87,1,1,0
BRDA:88,2,0,0
BRDA:88,2,1,0
BRF:6
BRH:0
end_of_record
TN:
SF:/Users/josereyes/Dev/ReactNativeScratch/src/containers/recipes/Listing/ListingView.js
FN:34,(anonymous_0)
FN:40,(anonymous_1)
FN:45,(anonymous_2)
FN:55,(anonymous_3)
FN:60,(anonymous_4)
FN:66,(anonymous_5)
FN:78,(anonymous_6)
FNF:7
FNH:2
FNDA:1,(anonymous_0)
FNDA:0,(anonymous_1)
FNDA:0,(anonymous_2)
FNDA:0,(anonymous_3)
FNDA:0,(anonymous_4)
FNDA:1,(anonymous_5)
FNDA:0,(anonymous_6)
DA:35,1
DA:37,1
DA:40,0
DA:46,0
DA:56,0
DA:57,0
DA:59,0
DA:61,0
DA:67,1
DA:68,1
DA:70,1
DA:71,0
DA:74,1
DA:78,0
LF:14
LH:6
BRDA:56,0,0,0
BRDA:56,0,1,0
BRDA:70,1,0,0
BRDA:70,1,1,1
BRDA:70,2,0,1
BRDA:70,2,1,0
BRDA:70,2,2,0
BRDA:82,3,0,1
BRDA:82,3,1,0
BRF:9
BRH:3
end_of_record
TN:
SF:/Users/josereyes/Dev/ReactNativeScratch/src/lib/api.js
FN:46,debug
FN:61,handleError
FN:76,serialize
FN:79,(anonymous_3)
FN:94,fetcher
FN:95,(anonymous_5)
FN:101,(anonymous_6)
FN:161,(anonymous_7)
FN:178,(anonymous_8)
FN:182,(anonymous_9)
FN:198,(anonymous_10)
FN:199,(anonymous_11)
FN:219,(anonymous_12)
FN:221,(anonymous_13)
FN:222,(anonymous_14)
FN:223,(anonymous_15)
FN:224,(anonymous_16)
FN:225,(anonymous_17)
FNF:18
FNH:1
FNDA:0,debug
FNDA:0,handleError
FNDA:0,serialize
FNDA:0,(anonymous_3)
FNDA:0,fetcher
FNDA:0,(anonymous_5)
FNDA:0,(anonymous_6)
FNDA:0,(anonymous_7)
FNDA:0,(anonymous_8)
FNDA:0,(anonymous_9)
FNDA:0,(anonymous_10)
FNDA:0,(anonymous_11)
FNDA:55,(anonymous_12)
FNDA:0,(anonymous_13)
FNDA:0,(anonymous_14)
FNDA:0,(anonymous_15)
FNDA:0,(anonymous_16)
FNDA:0,(anonymous_17)
DA:18,11
DA:21,11
DA:22,11
DA:25,11
DA:27,11
DA:32,11
DA:36,11
DA:39,11
DA:47,0
DA:48,0
DA:49,0
DA:51,0
DA:52,0
DA:53,0
DA:62,0
DA:63,0
DA:64,0
DA:66,0
DA:67,0
DA:77,0
DA:79,0
DA:80,0
DA:81,0
DA:83,0
DA:88,0
DA:95,0
DA:96,0
DA:97,0
DA:100,0
DA:101,0
DA:102,0
DA:105,0
DA:108,0
DA:119,0
DA:120,0
DA:121,0
DA:122,0
DA:127,0
DA:128,0
DA:130,0
DA:132,0
DA:133,0
DA:134,0
DA:135,0
DA:140,0
DA:143,0
DA:144,0
DA:148,0
DA:153,0
DA:155,0
DA:157,0
DA:160,0
DA:163,0
DA:165,0
DA:167,0
DA:168,0
DA:170,0
DA:171,0
DA:175,0
DA:176,0
DA:179,0
DA:180,0
DA:184,0
DA:186,0
DA:189,0
DA:197,0
DA:198,0
DA:199,0
DA:202,0
DA:203,0
DA:213,11
DA:219,11
DA:220,55
DA:221,0
DA:222,0
DA:223,0
DA:224,0
DA:225,0
LF:78
LH:11
BRDA:47,0,0,0
BRDA:47,0,1,0
BRDA:47,1,0,0
BRDA:47,1,1,0
BRDA:47,1,2,0
BRDA:48,2,0,0
BRDA:48,2,1,0
BRDA:51,3,0,0
BRDA:51,3,1,0
BRDA:63,4,0,0
BRDA:63,4,1,0
BRDA:64,5,0,0
BRDA:64,5,1,0
BRDA:64,6,0,0
BRDA:64,6,1,0
BRDA:66,7,0,0
BRDA:66,7,1,0
BRDA:80,8,0,0
BRDA:80,8,1,0
BRDA:83,9,0,0
BRDA:83,9,1,0
BRDA:83,10,0,0
BRDA:83,10,1,0
BRDA:105,11,0,0
BRDA:105,11,1,0
BRDA:105,12,0,0
BRDA:105,12,1,0
BRDA:119,13,0,0
BRDA:119,13,1,0
BRDA:119,14,0,0
BRDA:119,14,1,0
BRDA:121,15,0,0
BRDA:121,15,1,0
BRDA:128,16,0,0
BRDA:128,16,1,0
BRDA:130,17,0,0
BRDA:130,17,1,0
BRDA:132,18,0,0
BRDA:132,18,1,0
BRDA:133,19,0,0
BRDA:133,19,1,0
BRDA:133,20,0,0
BRDA:133,20,1,0
BRDA:143,21,0,0
BRDA:143,21,1,0
BRDA:143,22,0,0
BRDA:143,22,1,0
BRDA:153,23,0,0
BRDA:153,23,1,0
BRDA:175,24,0,0
BRDA:175,24,1,0
BRDA:175,25,0,0
BRDA:175,25,1,0
BRDA:186,26,0,0
BRDA:186,26,1,0
BRDA:189,27,0,0
BRDA:189,27,1,0
BRDA:190,28,0,0
BRDA:190,28,1,0
BRDA:190,28,2,0
BRDA:190,28,3,0
BRDA:190,28,4,0
BRDA:190,28,5,0
BRF:63
BRH:0
end_of_record
TN:
SF:/Users/josereyes/Dev/ReactNativeScratch/src/lib/api.jwt.js
FN:22,(anonymous_0)
FN:22,(anonymous_1)
FN:52,(anonymous_2)
FN:64,(anonymous_3)
FN:70,(anonymous_4)
FN:81,(anonymous_5)
FN:96,(anonymous_6)
FN:105,(anonymous_7)
FN:114,(anonymous_8)
FNF:9
FNH:0
FNDA:0,(anonymous_0)
FNDA:0,(anonymous_1)
FNDA:0,(anonymous_2)
FNDA:0,(anonymous_3)
FNDA:0,(anonymous_4)
FNDA:0,(anonymous_5)
FNDA:0,(anonymous_6)
FNDA:0,(anonymous_7)
FNDA:0,(anonymous_8)
DA:22,0
DA:24,0
DA:25,0
DA:28,0
DA:29,0
DA:30,0
DA:33,0
DA:37,0
DA:41,0
DA:42,0
DA:49,0
DA:53,0
DA:54,0
DA:57,0
DA:58,0
DA:61,0
DA:63,0
DA:64,0
DA:71,0
DA:72,0
DA:73,0
DA:75,0
DA:82,0
DA:83,0
DA:84,0
DA:86,0
DA:87,0
DA:90,0
DA:97,0
DA:98,0
DA:106,0
DA:107,0
DA:108,0
DA:116,0
DA:117,0
DA:120,0
DA:123,0
DA:124,0
DA:127,0
DA:128,0
DA:131,0
DA:132,0
DA:133,0
DA:134,0
DA:137,0
DA:141,0
DA:144,0
LF:47
LH:0
BRDA:24,0,0,0
BRDA:24,0,1,0
BRDA:25,1,0,0
BRDA:25,1,1,0
BRDA:28,2,0,0
BRDA:28,2,1,0
BRDA:28,3,0,0
BRDA:28,3,1,0
BRDA:28,3,2,0
BRDA:28,3,3,0
BRDA:41,4,0,0
BRDA:41,4,1,0
BRDA:41,5,0,0
BRDA:41,5,1,0
BRDA:41,5,2,0
BRDA:53,6,0,0
BRDA:53,6,1,0
BRDA:57,7,0,0
BRDA:57,7,1,0
BRDA:58,8,0,0
BRDA:58,8,1,0
BRDA:61,9,0,0
BRDA:61,9,1,0
BRDA:71,10,0,0
BRDA:71,10,1,0
BRDA:72,11,0,0
BRDA:72,11,1,0
BRDA:73,12,0,0
BRDA:73,12,1,0
BRDA:73,13,0,0
BRDA:73,13,1,0
BRDA:83,14,0,0
BRDA:83,14,1,0
BRDA:84,15,0,0
BRDA:84,15,1,0
BRDA:86,16,0,0
BRDA:86,16,1,0
BRDA:86,17,0,0
BRDA:86,17,1,0
BRDA:86,17,2,0
BRDA:86,17,3,0
BRDA:114,18,0,0
BRDA:123,19,0,0
BRDA:123,19,1,0
BRDA:127,20,0,0
BRDA:127,20,1,0
BRDA:128,21,0,0
BRDA:128,21,1,0
BRDA:133,22,0,0
BRDA:133,22,1,0
BRDA:137,23,0,0
BRDA:137,23,1,0
BRDA:138,24,0,0
BRDA:138,24,1,0
BRDA:138,24,2,0
BRF:55
BRH:0
end_of_record
TN:
SF:/Users/josereyes/Dev/ReactNativeScratch/src/lib/util.js
FN:17,(anonymous_0)
FN:27,(anonymous_1)
FN:27,(anonymous_2)
FN:32,(anonymous_3)
FN:40,(anonymous_4)
FN:45,(anonymous_5)
FN:49,(anonymous_6)
FN:66,(anonymous_7)
FN:70,(anonymous_8)
FN:89,(anonymous_9)
FNF:10
FNH:0
FNDA:0,(anonymous_0)
FNDA:0,(anonymous_1)
FNDA:0,(anonymous_2)
FNDA:0,(anonymous_3)
FNDA:0,(anonymous_4)
FNDA:0,(anonymous_5)
FNDA:0,(anonymous_6)
FNDA:0,(anonymous_7)
FNDA:0,(anonymous_8)
FNDA:0,(anonymous_9)
DA:8,11
DA:9,11
DA:11,11
DA:13,11
DA:18,0
DA:19,0
DA:21,0
DA:27,0
DA:33,0
DA:34,0
DA:40,0
DA:46,0
DA:48,0
DA:49,0
DA:50,0
DA:51,0
DA:52,0
DA:53,0
DA:54,0
DA:55,0
DA:60,0
DA:67,0
DA:69,0
DA:70,0
DA:71,0
DA:73,0
DA:74,0
DA:75,0
DA:76,0
DA:77,0
DA:78,0
DA:83,0
DA:89,0
DA:93,11
DA:94,11
LF:35
LH:6
BRDA:18,0,0,0
BRDA:18,0,1,0
BRDA:18,1,0,0
BRDA:18,1,1,0
BRDA:19,2,0,0
BRDA:19,2,1,0
BRDA:32,3,0,0
BRDA:33,4,0,0
BRDA:33,4,1,0
BRDA:48,5,0,0
BRDA:48,5,1,0
BRDA:50,6,0,0
BRDA:50,6,1,0
BRDA:52,7,0,0
BRDA:52,7,1,0
BRDA:54,8,0,0
BRDA:54,8,1,0
BRDA:69,9,0,0
BRDA:69,9,1,0
BRDA:69,10,0,0
BRDA:69,10,1,0
BRDA:73,11,0,0
BRDA:73,11,1,0
BRDA:75,12,0,0
BRDA:75,12,1,0
BRDA:77,13,0,0
BRDA:77,13,1,0
BRF:27
BRH:0
end_of_record
TN:
SF:/Users/josereyes/Dev/ReactNativeScratch/src/redux/recipes/actions.js
FN:10,getMeals
FN:11,(anonymous_1)
FN:13,(anonymous_2)
FNF:3
FNH:1
FNDA:1,getMeals
FNDA:0,(anonymous_1)
FNDA:0,(anonymous_2)
DA:11,1
DA:12,0
DA:14,0
LF:3
LH:1
BRF:0
BRH:0
end_of_record
TN:
SF:/Users/josereyes/Dev/ReactNativeScratch/src/redux/recipes/reducer.js
FN:15,recipeReducer
FN:22,(anonymous_1)
FNF:2
FNH:1
FNDA:1,recipeReducer
FNDA:0,(anonymous_1)
DA:11,1
DA:16,1
DA:18,0
DA:21,0
DA:22,0
DA:31,0
DA:37,1
LF:7
LH:3
BRDA:15,0,0,0
BRDA:16,1,0,0
BRDA:16,1,1,1
BRDA:21,2,0,0
BRDA:21,2,1,0
BRDA:21,3,0,0
BRDA:21,3,1,0
BRF:7
BRH:1
end_of_record
TN:
SF:/Users/josereyes/Dev/ReactNativeScratch/src/redux/router/reducer.js
FN:14,routerReducer
FNF:1
FNH:1
FNDA:1,routerReducer
DA:10,1
DA:15,1
DA:18,0
DA:26,1
LF:4
LH:3
BRDA:14,0,0,1
BRDA:15,1,0,0
BRDA:15,1,1,1
BRF:3
BRH:2
end_of_record
TN:
SF:/Users/josereyes/Dev/ReactNativeScratch/src/redux/sidemenu/actions.js
FN:8,toggle
FN:14,open
FN:20,close
FNF:3
FNH:3
FNDA:2,toggle
FNDA:2,open
FNDA:2,close
DA:9,2
DA:15,2
DA:21,2
LF:3
LH:3
BRF:0
BRH:0
end_of_record
TN:
SF:/Users/josereyes/Dev/ReactNativeScratch/src/redux/sidemenu/reducer.js
FN:14,sideMenuReducer
FNF:1
FNH:1
FNDA:3,sideMenuReducer
DA:9,1
DA:15,3
DA:17,1
DA:22,1
DA:27,1
DA:32,0
LF:6
LH:5
BRDA:14,0,0,0
BRDA:15,1,0,1
BRDA:15,1,1,1
BRDA:15,1,2,1
BRDA:15,1,3,0
BRF:5
BRH:3
end_of_record
TN:
SF:/Users/josereyes/Dev/ReactNativeScratch/src/redux/user/actions.js
FN:15,login
FN:16,(anonymous_1)
FN:16,(anonymous_2)
FN:26,(anonymous_3)
FN:44,(anonymous_4)
FN:51,(anonymous_5)
FN:52,(anonymous_6)
FN:59,logout
FN:60,(anonymous_8)
FN:61,(anonymous_9)
FN:72,getMe
FN:73,(anonymous_11)
FN:74,(anonymous_12)
FN:88,updateMe
FN:89,(anonymous_14)
FN:90,(anonymous_15)
FNF:16
FNH:4
FNDA:1,login
FNDA:0,(anonymous_1)
FNDA:0,(anonymous_2)
FNDA:0,(anonymous_3)
FNDA:0,(anonymous_4)
FNDA:0,(anonymous_5)
FNDA:0,(anonymous_6)
FNDA:1,logout
FNDA:0,(anonymous_8)
FNDA:0,(anonymous_9)
FNDA:1,getMe
FNDA:0,(anonymous_11)
FNDA:0,(anonymous_12)
FNDA:1,updateMe
FNDA:0,(anonymous_14)
FNDA:0,(anonymous_15)
DA:16,1
DA:17,0
DA:20,0
DA:22,0
DA:25,0
DA:27,0
DA:29,0
DA:30,0
DA:32,0
DA:35,0
DA:39,0
DA:43,0
DA:45,0
DA:50,0
DA:51,0
DA:52,0
DA:60,1
DA:62,0
DA:73,1
DA:75,0
DA:80,0
DA:89,1
DA:91,0
DA:96,0
LF:24
LH:4
BRDA:17,0,0,0
BRDA:17,0,1,0
BRDA:20,1,0,0
BRDA:20,1,1,0
BRDA:20,2,0,0
BRDA:20,2,1,0
BRDA:22,3,0,0
BRDA:22,3,1,0
BRDA:35,4,0,0
BRDA:35,4,1,0
BRDA:36,5,0,0
BRDA:36,5,1,0
BRDA:36,5,2,0
BRDA:36,5,3,0
BRF:14
BRH:0
end_of_record
TN:
SF:/Users/josereyes/Dev/ReactNativeScratch/src/redux/user/reducer.js
FN:11,userReducer
FNF:1
FNH:1
FNDA:4,userReducer
DA:9,1
DA:12,4
DA:14,0
DA:17,4
LF:4
LH:3
BRDA:11,0,0,4
BRDA:12,1,0,0
BRDA:12,1,1,4
BRF:3
BRH:2
end_of_record
TN:
SF:/Users/josereyes/Dev/ReactNativeScratch/src/theme/colors.js
FNF:0
FNH:0
DA:8,27
DA:14,27
DA:21,27
DA:28,27
DA:32,27
LF:5
LH:5
BRF:0
BRH:0
end_of_record
TN:
SF:/Users/josereyes/Dev/ReactNativeScratch/src/theme/fonts.js
FN:9,lineHeight
FNF:1
FNH:1
FNDA:135,lineHeight
DA:10,135
DA:11,135
DA:14,27
LF:3
LH:3
BRDA:10,0,0,81
BRDA:10,0,1,54
BRF:2
BRH:2
end_of_record
TN:
SF:/Users/josereyes/Dev/ReactNativeScratch/src/theme/index.js
FNF:0
FNH:0
LF:0
LH:0
BRF:0
BRH:0
end_of_record
TN:
SF:/Users/josereyes/Dev/ReactNativeScratch/src/theme/sizes.js
FNF:0
FNH:0
DA:9,27
DA:10,27
DA:11,27
LF:3
LH:3
BRDA:10,0,0,27
BRDA:10,0,1,0
BRDA:11,1,0,27
BRDA:11,1,1,0
BRDA:25,2,0,27
BRDA:25,2,1,0
BRDA:26,3,0,27
BRDA:26,3,1,0
BRF:8
BRH:4
end_of_record
TN:
SF:/Users/josereyes/Dev/ReactNativeScratch/src/theme/styles.js
FNF:0
FNH:0
LF:0
LH:0
BRF:0
BRH:0
end_of_record
